[I 190903 10:20:59 bloom_util:37] add [https://v.qq.com/x/page/j09213c3qhq.html]
[I 190903 10:21:15 bloom_util:37] add [https://v.qq.com/x/page/j0921qrgamo.html]
[I 190903 10:22:02 bloom_util:37] add [https://v.qq.com/x/page/p0921doqs2z.html]
[I 190903 10:23:05 bloom_util:37] add [https://v.qq.com/x/page/t092175wr4q.html]
[I 190903 10:25:00 bloom_util:37] add [https://v.qq.com/x/page/q0921g6yrhp.html]
[I 190903 10:26:13 bloom_util:37] add [https://v.qq.com/x/page/y0921yiibg6.html]
[I 190903 10:31:01 bloom_util:37] add [https://v.qq.com/x/page/d0921523irp.html]
[I 190903 10:31:37 bloom_util:37] add [https://v.qq.com/x/page/x09218n8qtg.html]
[I 190903 10:32:34 bloom_util:34] [https://v.qq.com/x/page/v0921f6tk2m.html] is already in bloom.
[I 190903 10:32:34 bloom_util:34] [https://v.qq.com/x/page/b0921wcnsel.html] is already in bloom.
[I 190903 10:32:34 bloom_util:34] [https://v.qq.com/x/page/c0921755uz4.html] is already in bloom.
[I 190903 10:32:34 bloom_util:34] [https://v.qq.com/x/page/i0921vanw19.html] is already in bloom.
[I 190903 10:32:34 bloom_util:34] [https://v.qq.com/x/page/b092168rioc.html] is already in bloom.
[I 190903 10:32:34 bloom_util:34] [https://v.qq.com/x/page/k092179mjyv.html] is already in bloom.
[I 190903 10:32:34 bloom_util:34] [https://v.qq.com/x/page/h0921b75ej9.html] is already in bloom.
[I 190903 10:32:34 bloom_util:34] [https://v.qq.com/x/page/o0921xiabhw.html] is already in bloom.
[I 190903 10:32:34 bloom_util:34] [https://v.qq.com/x/page/u0921adjvwg.html] is already in bloom.
[I 190903 10:32:34 bloom_util:34] [https://v.qq.com/x/page/y0921wqgnm5.html] is already in bloom.
[I 190903 10:32:34 bloom_util:34] [https://v.qq.com/x/page/e0921kvr4rt.html] is already in bloom.
[I 190903 10:32:34 bloom_util:34] [https://v.qq.com/x/page/n0921i5iz3s.html] is already in bloom.
[I 190903 10:32:34 bloom_util:34] [https://v.qq.com/x/page/v0889ia9img.html] is already in bloom.
[I 190903 10:32:34 bloom_util:34] [https://v.qq.com/x/page/x0881yjbbtu.html] is already in bloom.
[I 190903 10:32:34 bloom_util:34] [https://v.qq.com/x/page/p0880mrhu7j.html] is already in bloom.
[I 190903 10:32:34 bloom_util:34] [https://v.qq.com/x/page/w088237y54w.html] is already in bloom.
[I 190903 10:32:34 bloom_util:34] [https://v.qq.com/x/page/x0878y22474.html] is already in bloom.
[I 190903 10:32:34 bloom_util:34] [https://v.qq.com/x/page/v0877abwh91.html] is already in bloom.
[I 190903 10:32:34 bloom_util:34] [https://v.qq.com/x/page/v0876j11mle.html] is already in bloom.
[I 190903 10:32:34 bloom_util:34] [https://v.qq.com/x/page/s0874mku6z9.html] is already in bloom.
[I 190903 10:32:34 bloom_util:34] [https://v.qq.com/x/page/q088620srmt.html] is already in bloom.
[I 190903 10:32:34 bloom_util:34] [https://v.qq.com/x/page/p0871j47e70.html] is already in bloom.
[I 190903 10:32:34 bloom_util:34] [https://v.qq.com/x/page/i0880l8vn5o.html] is already in bloom.
[I 190903 10:32:34 bloom_util:34] [https://v.qq.com/x/page/b0873qaxuqx.html] is already in bloom.
[I 190903 10:32:34 bloom_util:34] [https://v.qq.com/x/page/q0893dt3tf7.html] is already in bloom.
[I 190903 10:32:34 bloom_util:34] [https://v.qq.com/x/page/p0882wtmi3x.html] is already in bloom.
[I 190903 10:32:34 bloom_util:34] [https://v.qq.com/x/page/f08856pl8rp.html] is already in bloom.
[I 190903 10:32:34 bloom_util:34] [https://v.qq.com/x/page/g0894k2wtdy.html] is already in bloom.
[I 190903 10:32:34 bloom_util:37] add [https://v.qq.com/x/page/u0921shktv3.html]
[I 190903 10:32:44 bloom_util:37] add [https://v.qq.com/x/page/p0921xzv9q1.html]
[I 190903 10:33:17 bloom_util:37] add [https://v.qq.com/x/page/b0921xz2ng2.html]
[I 190903 10:33:23 bloom_util:34] [https://v.qq.com/x/page/i0921ulx4pl.html] is already in bloom.
[I 190903 10:33:23 bloom_util:34] [https://v.qq.com/x/page/y0920i2oa3u.html] is already in bloom.
[I 190903 10:33:23 bloom_util:34] [https://v.qq.com/x/page/d0920y0up89.html] is already in bloom.
[I 190903 10:33:23 bloom_util:34] [https://v.qq.com/x/page/r0920ataym1.html] is already in bloom.
[I 190903 10:33:23 bloom_util:34] [https://v.qq.com/x/page/f0920c5f414.html] is already in bloom.
[I 190903 10:33:23 bloom_util:34] [https://v.qq.com/x/page/a0920p47ly4.html] is already in bloom.
[I 190903 10:33:23 bloom_util:34] [https://v.qq.com/x/page/h0920otxyjh.html] is already in bloom.
[I 190903 10:33:23 bloom_util:34] [https://v.qq.com/x/page/o0920monlsv.html] is already in bloom.
[I 190903 10:33:23 bloom_util:34] [https://v.qq.com/x/page/d0920a2jndb.html] is already in bloom.
[I 190903 10:33:23 bloom_util:34] [https://v.qq.com/x/page/l0920ef941w.html] is already in bloom.
[I 190903 10:33:23 bloom_util:34] [https://v.qq.com/x/page/s0920h56o14.html] is already in bloom.
[I 190903 10:33:23 bloom_util:34] [https://v.qq.com/x/page/h09194vkun8.html] is already in bloom.
[I 190903 10:33:23 bloom_util:34] [https://v.qq.com/x/page/i0919t7xske.html] is already in bloom.
[I 190903 10:33:23 bloom_util:34] [https://v.qq.com/x/page/p09192skl6q.html] is already in bloom.
[I 190903 10:33:23 bloom_util:34] [https://v.qq.com/x/page/k0919g5844e.html] is already in bloom.
[I 190903 10:33:23 bloom_util:34] [https://v.qq.com/x/page/e091979rfxc.html] is already in bloom.
[I 190903 10:33:23 bloom_util:34] [https://v.qq.com/x/page/w0919u6hod4.html] is already in bloom.
[I 190903 10:33:23 bloom_util:34] [https://v.qq.com/x/page/z0629u3blg9.html] is already in bloom.
[I 190903 10:33:23 bloom_util:34] [https://v.qq.com/x/page/n0629mdb6hh.html] is already in bloom.
[I 190903 10:33:23 bloom_util:34] [https://v.qq.com/x/page/x06308ih516.html] is already in bloom.
[I 190903 10:33:23 bloom_util:34] [https://v.qq.com/x/page/b0631b7oecl.html] is already in bloom.
[I 190903 10:33:23 bloom_util:34] [https://v.qq.com/x/page/v0632i1sis1.html] is already in bloom.
[I 190903 10:33:23 bloom_util:34] [https://v.qq.com/x/page/m0633khm6ci.html] is already in bloom.
[I 190903 10:33:23 bloom_util:34] [https://v.qq.com/x/page/u0638j5lthu.html] is already in bloom.
[I 190903 10:33:23 bloom_util:34] [https://v.qq.com/x/page/i0638wh3nfk.html] is already in bloom.
[I 190903 10:33:23 bloom_util:34] [https://v.qq.com/x/page/n06383793ib.html] is already in bloom.
[I 190903 10:33:23 bloom_util:34] [https://v.qq.com/x/page/n06383793ib.html] is already in bloom.
[I 190903 10:33:23 bloom_util:34] [https://v.qq.com/x/page/w0638qylyo5.html] is already in bloom.
[I 190903 10:33:23 bloom_util:34] [https://v.qq.com/x/page/v0638ryw8mm.html] is already in bloom.
[I 190903 10:33:23 bloom_util:34] [https://v.qq.com/x/page/j0639ttqkbj.html] is already in bloom.
[I 190903 10:33:23 bloom_util:34] [https://v.qq.com/x/page/c0639nphp1v.html] is already in bloom.
[I 190903 10:33:23 bloom_util:34] [https://v.qq.com/x/page/c0639nphp1v.html] is already in bloom.
[I 190903 10:33:23 bloom_util:34] [https://v.qq.com/x/page/d0639we3874.html] is already in bloom.
[I 190903 10:33:23 bloom_util:34] [https://v.qq.com/x/page/d0639we3874.html] is already in bloom.
[I 190903 10:33:23 bloom_util:34] [https://v.qq.com/x/page/h064088bjxz.html] is already in bloom.
[I 190903 10:33:23 bloom_util:34] [https://v.qq.com/x/page/o06409l80e2.html] is already in bloom.
[I 190903 10:33:23 bloom_util:34] [https://v.qq.com/x/page/g06405gyhgl.html] is already in bloom.
[I 190903 10:33:23 bloom_util:34] [https://v.qq.com/x/page/n0921uzr2rw.html] is already in bloom.
[I 190903 10:33:23 bloom_util:34] [https://v.qq.com/x/page/j092152c7w3.html] is already in bloom.
[I 190903 10:33:23 bloom_util:34] [https://v.qq.com/x/page/d0921vlw7yi.html] is already in bloom.
[I 190903 10:33:23 bloom_util:34] [https://v.qq.com/x/page/n09205iwatb.html] is already in bloom.
[I 190903 10:33:23 bloom_util:34] [https://v.qq.com/x/page/z092042sp14.html] is already in bloom.
[I 190903 10:33:23 bloom_util:34] [https://v.qq.com/x/page/u0918h935e1.html] is already in bloom.
[I 190903 10:33:23 bloom_util:34] [https://v.qq.com/x/page/q0918uoxz59.html] is already in bloom.
[I 190903 10:33:23 bloom_util:34] [https://v.qq.com/x/page/c0918p4vhk9.html] is already in bloom.
[I 190903 10:33:23 bloom_util:34] [https://v.qq.com/x/page/d0917jg4h6c.html] is already in bloom.
[I 190903 10:33:23 bloom_util:34] [https://v.qq.com/x/page/h09172feb2b.html] is already in bloom.
[I 190903 10:33:23 bloom_util:34] [https://v.qq.com/x/page/c0917e2k9d5.html] is already in bloom.
[I 190903 10:33:23 bloom_util:34] [https://v.qq.com/x/page/d09171z650g.html] is already in bloom.
[I 190903 10:33:23 bloom_util:34] [https://v.qq.com/x/page/r09175r8943.html] is already in bloom.
[I 190903 10:33:23 bloom_util:34] [https://v.qq.com/x/page/f0917ccp8a8.html] is already in bloom.
[I 190903 10:33:23 bloom_util:34] [https://v.qq.com/x/page/w0917fab6di.html] is already in bloom.
[I 190903 10:33:23 bloom_util:34] [https://v.qq.com/x/page/d0917ttynbo.html] is already in bloom.
[I 190903 10:33:23 bloom_util:34] [https://v.qq.com/x/page/v09174d2l4o.html] is already in bloom.
[I 190903 10:33:23 bloom_util:34] [https://v.qq.com/x/page/p0917mvopg8.html] is already in bloom.
[I 190903 10:33:23 bloom_util:34] [https://v.qq.com/x/page/y0916rcg7fz.html] is already in bloom.
[I 190903 10:33:23 bloom_util:34] [https://v.qq.com/x/page/i0916j22upk.html] is already in bloom.
[I 190903 10:33:23 bloom_util:34] [https://v.qq.com/x/page/c0698mppb75.html] is already in bloom.
[I 190903 10:33:23 bloom_util:34] [https://v.qq.com/x/page/s0698qw6hvb.html] is already in bloom.
[I 190903 10:33:23 bloom_util:34] [https://v.qq.com/x/page/q0699pwvg21.html] is already in bloom.
[I 190903 10:33:23 bloom_util:34] [https://v.qq.com/x/page/y06997eqcjw.html] is already in bloom.
[I 190903 10:33:23 bloom_util:34] [https://v.qq.com/x/page/q0701tjbnxj.html] is already in bloom.
[I 190903 10:33:23 bloom_util:34] [https://v.qq.com/x/page/y0701sw2wq9.html] is already in bloom.
[I 190903 10:33:23 bloom_util:34] [https://v.qq.com/x/page/e0701xrzlqb.html] is already in bloom.
[I 190903 10:33:23 bloom_util:34] [https://v.qq.com/x/page/o0702ao6de3.html] is already in bloom.
[I 190903 10:33:23 bloom_util:34] [https://v.qq.com/x/page/o0702ao6de3.html] is already in bloom.
[I 190903 10:33:23 bloom_util:34] [https://v.qq.com/x/page/x0702qfhu6v.html] is already in bloom.
[I 190903 10:33:23 bloom_util:34] [https://v.qq.com/x/page/x0702qfhu6v.html] is already in bloom.
[I 190903 10:33:23 bloom_util:34] [https://v.qq.com/x/page/l0702hayd30.html] is already in bloom.
[I 190903 10:33:23 bloom_util:34] [https://v.qq.com/x/page/l0702hayd30.html] is already in bloom.
[I 190903 10:33:23 bloom_util:34] [https://v.qq.com/x/page/q070864xg34.html] is already in bloom.
[I 190903 10:33:23 bloom_util:34] [https://v.qq.com/x/page/i07091d1xfv.html] is already in bloom.
[I 190903 10:33:23 bloom_util:34] [https://v.qq.com/x/page/v0710pkcyiq.html] is already in bloom.
[I 190903 10:33:23 bloom_util:34] [https://v.qq.com/x/page/k0710887zr7.html] is already in bloom.
[I 190903 10:33:23 bloom_util:34] [https://v.qq.com/x/page/l07108p819l.html] is already in bloom.
[I 190903 10:33:23 bloom_util:34] [https://v.qq.com/x/page/k0711hbgwne.html] is already in bloom.
[I 190903 10:33:23 bloom_util:34] [https://v.qq.com/x/page/r0711la7r29.html] is already in bloom.
[I 190903 10:33:27 bloom_util:34] [https://v.qq.com/x/page/e0920dxxcqy.html] is already in bloom.
[I 190903 10:33:27 bloom_util:34] [https://v.qq.com/x/page/l09203clkci.html] is already in bloom.
[I 190903 10:33:27 bloom_util:34] [https://v.qq.com/x/page/w0920fftlsz.html] is already in bloom.
[I 190903 10:33:27 bloom_util:34] [https://v.qq.com/x/page/h0920tbcof2.html] is already in bloom.
[I 190903 10:33:27 bloom_util:34] [https://v.qq.com/x/page/c0919wcig3k.html] is already in bloom.
[I 190903 10:33:27 bloom_util:34] [https://v.qq.com/x/page/y0919lrbuwr.html] is already in bloom.
[I 190903 10:33:27 bloom_util:34] [https://v.qq.com/x/page/l091935luv9.html] is already in bloom.
[I 190903 10:33:27 bloom_util:34] [https://v.qq.com/x/page/w09199p1hqu.html] is already in bloom.
[I 190903 10:33:27 bloom_util:34] [https://v.qq.com/x/page/k0919815j7m.html] is already in bloom.
[I 190903 10:33:27 bloom_util:34] [https://v.qq.com/x/page/s0918zvui58.html] is already in bloom.
[I 190903 10:33:27 bloom_util:34] [https://v.qq.com/x/page/x09180cgtfv.html] is already in bloom.
[I 190903 10:33:27 bloom_util:34] [https://v.qq.com/x/page/e091882yec8.html] is already in bloom.
[I 190903 10:33:27 bloom_util:34] [https://v.qq.com/x/page/r0918tk7e8u.html] is already in bloom.
[I 190903 10:33:27 bloom_util:34] [https://v.qq.com/x/page/a0917owraeh.html] is already in bloom.
[I 190903 10:33:27 bloom_util:34] [https://v.qq.com/x/page/c0917z5yb7i.html] is already in bloom.
[I 190903 10:33:27 bloom_util:34] [https://v.qq.com/x/page/p0917ugbbs1.html] is already in bloom.
[I 190903 10:33:27 bloom_util:34] [https://v.qq.com/x/page/x0917oi5b3t.html] is already in bloom.
[I 190903 10:33:27 bloom_util:34] [https://v.qq.com/x/page/f09170wczak.html] is already in bloom.
[I 190903 10:33:27 bloom_util:34] [https://v.qq.com/x/page/f0915xewa42.html] is already in bloom.
[I 190903 10:33:27 bloom_util:34] [https://v.qq.com/x/page/d0915yaos4e.html] is already in bloom.
[I 190903 10:33:27 bloom_util:34] [https://v.qq.com/x/page/x0860zo8u0r.html] is already in bloom.
[I 190903 10:33:27 bloom_util:34] [https://v.qq.com/x/page/z0860cbpv1x.html] is already in bloom.
[I 190903 10:33:27 bloom_util:34] [https://v.qq.com/x/page/o08603vq92v.html] is already in bloom.
[I 190903 10:33:27 bloom_util:34] [https://v.qq.com/x/page/d0860v0e5cn.html] is already in bloom.
[I 190903 10:33:27 bloom_util:34] [https://v.qq.com/x/page/v0869t9gkzr.html] is already in bloom.
[I 190903 10:33:27 bloom_util:34] [https://v.qq.com/x/page/t0869wysltn.html] is already in bloom.
[I 190903 10:33:27 bloom_util:34] [https://v.qq.com/x/page/b0869fj9227.html] is already in bloom.
[I 190903 10:33:27 bloom_util:34] [https://v.qq.com/x/page/r0869uxr0im.html] is already in bloom.
[I 190903 10:33:27 bloom_util:34] [https://v.qq.com/x/page/z0869dceu76.html] is already in bloom.
[I 190903 10:33:27 bloom_util:34] [https://v.qq.com/x/page/t086971339v.html] is already in bloom.
[I 190903 10:33:27 bloom_util:34] [https://v.qq.com/x/page/o0869lc5mvu.html] is already in bloom.
[I 190903 10:33:27 bloom_util:34] [https://v.qq.com/x/page/i08694v6flu.html] is already in bloom.
[I 190903 10:33:27 bloom_util:34] [https://v.qq.com/x/page/w0869ffb9qa.html] is already in bloom.
[I 190903 10:33:27 bloom_util:34] [https://v.qq.com/x/page/c0869dog939.html] is already in bloom.
[I 190903 10:33:27 bloom_util:34] [https://v.qq.com/x/page/w0869xgmyvr.html] is already in bloom.
[I 190903 10:33:27 bloom_util:34] [https://v.qq.com/x/page/j0870137s1w.html] is already in bloom.
[I 190903 10:33:27 bloom_util:34] [https://v.qq.com/x/page/z0870rkfgq2.html] is already in bloom.
[I 190903 10:33:27 bloom_util:34] [https://v.qq.com/x/page/o0870sg13ba.html] is already in bloom.
[I 190903 10:33:27 bloom_util:34] [https://v.qq.com/x/page/z08702nzvzf.html] is already in bloom.
[I 190903 10:33:27 bloom_util:34] [https://v.qq.com/x/page/p0870hqhj79.html] is already in bloom.
[I 190903 10:33:30 bloom_util:37] add [https://v.qq.com/x/page/d0921lb8cpj.html]
[I 190903 10:35:43 bloom_util:37] add [https://v.qq.com/x/page/j0921ycvp11.html]
[I 190903 10:37:51 bloom_util:37] add [https://v.qq.com/x/page/r0921cnudf4.html]
[I 190903 10:39:12 bloom_util:37] add [https://v.qq.com/x/page/m0921zr156e.html]
[I 190903 10:39:19 bloom_util:37] add [https://v.qq.com/x/page/n0921h1nl60.html]
[I 190903 10:44:12 bloom_util:37] add [https://v.qq.com/x/page/j0921t3naz1.html]
[I 190903 10:46:12 bloom_util:37] add [https://v.qq.com/x/page/e0921ts851u.html]
[I 190903 10:47:07 bloom_util:37] add [https://v.qq.com/x/page/s0921ls2zu1.html]
[I 190903 10:47:16 bloom_util:37] add [https://v.qq.com/x/page/p09218txe0q.html]
[I 190903 10:48:36 bloom_util:34] [https://v.qq.com/x/page/m0921conr7s.html] is already in bloom.
[I 190903 10:48:36 bloom_util:34] [https://v.qq.com/x/page/o0920x93nya.html] is already in bloom.
[I 190903 10:48:36 bloom_util:34] [https://v.qq.com/x/page/l0920p05grn.html] is already in bloom.
[I 190903 10:48:36 bloom_util:34] [https://v.qq.com/x/page/u0920alc93i.html] is already in bloom.
[I 190903 10:48:36 bloom_util:34] [https://v.qq.com/x/page/m0920izem33.html] is already in bloom.
[I 190903 10:48:36 bloom_util:34] [https://v.qq.com/x/page/x0919ktkwid.html] is already in bloom.
[I 190903 10:48:36 bloom_util:34] [https://v.qq.com/x/page/z09191v6y03.html] is already in bloom.
[I 190903 10:48:36 bloom_util:34] [https://v.qq.com/x/page/p0919jmr68d.html] is already in bloom.
[I 190903 10:48:36 bloom_util:34] [https://v.qq.com/x/page/e0919b4imug.html] is already in bloom.
[I 190903 10:48:36 bloom_util:34] [https://v.qq.com/x/page/q091932594i.html] is already in bloom.
[I 190903 10:48:36 bloom_util:34] [https://v.qq.com/x/page/z0918ud9gdm.html] is already in bloom.
[I 190903 10:48:36 bloom_util:34] [https://v.qq.com/x/page/v0835uufaqt.html] is already in bloom.
[I 190903 10:48:36 bloom_util:34] [https://v.qq.com/x/page/a0835gkkrrd.html] is already in bloom.
[I 190903 10:48:36 bloom_util:34] [https://v.qq.com/x/page/c0835zc91t3.html] is already in bloom.
[I 190903 10:48:36 bloom_util:34] [https://v.qq.com/x/page/x0835nehakl.html] is already in bloom.
[I 190903 10:48:36 bloom_util:34] [https://v.qq.com/x/page/z0836xjkbp0.html] is already in bloom.
[I 190903 10:48:36 bloom_util:34] [https://v.qq.com/x/page/q08367mgdff.html] is already in bloom.
[I 190903 10:48:36 bloom_util:34] [https://v.qq.com/x/page/o0836nmwqgt.html] is already in bloom.
[I 190903 10:48:36 bloom_util:34] [https://v.qq.com/x/page/n0836sk9gls.html] is already in bloom.
[I 190903 10:48:36 bloom_util:34] [https://v.qq.com/x/page/u08364t4ngv.html] is already in bloom.
[I 190903 10:48:36 bloom_util:34] [https://v.qq.com/x/page/v0836iucnoy.html] is already in bloom.
[I 190903 10:48:36 bloom_util:34] [https://v.qq.com/x/page/h083748w4q3.html] is already in bloom.
[I 190903 10:48:36 bloom_util:34] [https://v.qq.com/x/page/u0837btri4k.html] is already in bloom.
[I 190903 10:48:36 bloom_util:34] [https://v.qq.com/x/page/b0838txw94k.html] is already in bloom.
[I 190903 10:48:36 bloom_util:34] [https://v.qq.com/x/page/c0838auycgi.html] is already in bloom.
[I 190903 10:48:36 bloom_util:34] [https://v.qq.com/x/page/f0838ptge00.html] is already in bloom.
[I 190903 10:48:36 bloom_util:34] [https://v.qq.com/x/page/r0839qgnx8t.html] is already in bloom.
[I 190903 10:48:36 bloom_util:34] [https://v.qq.com/x/page/v0839sfzl2u.html] is already in bloom.
[I 190903 10:48:36 bloom_util:34] [https://v.qq.com/x/page/o0840aisryy.html] is already in bloom.
[I 190903 10:48:36 bloom_util:34] [https://v.qq.com/x/page/i0840qs8qxg.html] is already in bloom.
[I 190903 10:48:36 bloom_util:34] [https://v.qq.com/x/page/i0840woowah.html] is already in bloom.
[I 190903 10:48:37 bloom_util:34] [https://v.qq.com/x/page/q0920l04jsx.html] is already in bloom.
[I 190903 10:48:37 bloom_util:34] [https://v.qq.com/x/page/c0920n7r46d.html] is already in bloom.
[I 190903 10:48:37 bloom_util:34] [https://v.qq.com/x/page/z0920kzkxjy.html] is already in bloom.
[I 190903 10:48:37 bloom_util:34] [https://v.qq.com/x/page/v0920866bhk.html] is already in bloom.
[I 190903 10:48:37 bloom_util:34] [https://v.qq.com/x/page/y0920ztfkog.html] is already in bloom.
[I 190903 10:48:37 bloom_util:34] [https://v.qq.com/x/page/z09204xrwq9.html] is already in bloom.
[I 190903 10:48:37 bloom_util:34] [https://v.qq.com/x/page/r0920rpb769.html] is already in bloom.
[I 190903 10:48:37 bloom_util:34] [https://v.qq.com/x/page/g0919hsrhy0.html] is already in bloom.
[I 190903 10:48:37 bloom_util:34] [https://v.qq.com/x/page/i0917tdq417.html] is already in bloom.
[I 190903 10:48:37 bloom_util:34] [https://v.qq.com/x/page/u09176io9t7.html] is already in bloom.
[I 190903 10:48:37 bloom_util:34] [https://v.qq.com/x/page/a0917rn7eyh.html] is already in bloom.
[I 190903 10:48:37 bloom_util:34] [https://v.qq.com/x/page/i0917wuzqkb.html] is already in bloom.
[I 190903 10:48:37 bloom_util:34] [https://v.qq.com/x/page/e0917820qwu.html] is already in bloom.
[I 190903 10:48:37 bloom_util:34] [https://v.qq.com/x/page/o09174ini0a.html] is already in bloom.
[I 190903 10:48:37 bloom_util:34] [https://v.qq.com/x/page/x0917ga55y0.html] is already in bloom.
[I 190903 10:48:37 bloom_util:34] [https://v.qq.com/x/page/x09176dmde1.html] is already in bloom.
[I 190903 10:48:37 bloom_util:34] [https://v.qq.com/x/page/a0917lh9wm7.html] is already in bloom.
[I 190903 10:48:37 bloom_util:34] [https://v.qq.com/x/page/x0917akal2v.html] is already in bloom.
[I 190903 10:48:37 bloom_util:34] [https://v.qq.com/x/page/t0916ilcdxc.html] is already in bloom.
[I 190903 10:48:37 bloom_util:34] [https://v.qq.com/x/page/j09168gpkso.html] is already in bloom.
[I 190903 10:48:40 bloom_util:37] add [https://v.qq.com/x/page/f0921ocuk4i.html]
[I 190903 10:49:25 bloom_util:37] add [https://v.qq.com/x/page/h0921ry4q8f.html]
[I 190903 10:51:35 bloom_util:34] [https://v.qq.com/x/page/p0921mf4oxz.html] is already in bloom.
[I 190903 10:51:35 bloom_util:34] [https://v.qq.com/x/page/x09217dg8yv.html] is already in bloom.
[I 190903 10:51:35 bloom_util:34] [https://v.qq.com/x/page/m0921z7oy49.html] is already in bloom.
[I 190903 10:51:35 bloom_util:34] [https://v.qq.com/x/page/t0920qth5qu.html] is already in bloom.
[I 190903 10:51:35 bloom_util:34] [https://v.qq.com/x/page/t0920tm2jvo.html] is already in bloom.
[I 190903 10:51:35 bloom_util:34] [https://v.qq.com/x/page/f0920m9lsgq.html] is already in bloom.
[I 190903 10:51:35 bloom_util:34] [https://v.qq.com/x/page/k0920mekr86.html] is already in bloom.
[I 190903 10:51:35 bloom_util:34] [https://v.qq.com/x/page/p092024tlqv.html] is already in bloom.
[I 190903 10:51:35 bloom_util:34] [https://v.qq.com/x/page/m0920iftk7x.html] is already in bloom.
[I 190903 10:51:35 bloom_util:34] [https://v.qq.com/x/page/d0920c39d3y.html] is already in bloom.
[I 190903 10:51:35 bloom_util:34] [https://v.qq.com/x/page/o0920qco2wr.html] is already in bloom.
[I 190903 10:51:35 bloom_util:34] [https://v.qq.com/x/page/i0920llyf62.html] is already in bloom.
[I 190903 10:51:35 bloom_util:34] [https://v.qq.com/x/page/g0920tss8sx.html] is already in bloom.
[I 190903 10:51:35 bloom_util:34] [https://v.qq.com/x/page/t09205l5eyf.html] is already in bloom.
[I 190903 10:51:35 bloom_util:34] [https://v.qq.com/x/page/o0918sbti09.html] is already in bloom.
[I 190903 10:51:35 bloom_util:34] [https://v.qq.com/x/page/g09189wbftx.html] is already in bloom.
[I 190903 10:51:35 bloom_util:34] [https://v.qq.com/x/page/x09180tvdwl.html] is already in bloom.
[I 190903 10:51:35 bloom_util:34] [https://v.qq.com/x/page/v0918xo57y4.html] is already in bloom.
[I 190903 10:51:35 bloom_util:34] [https://v.qq.com/x/page/r06244kmaf6.html] is already in bloom.
[I 190903 10:51:35 bloom_util:34] [https://v.qq.com/x/page/m06249hfgmz.html] is already in bloom.
[I 190903 10:51:35 bloom_util:34] [https://v.qq.com/x/page/t0624ardn6j.html] is already in bloom.
[I 190903 10:51:35 bloom_util:34] [https://v.qq.com/x/page/t0624d744iw.html] is already in bloom.
[I 190903 10:51:35 bloom_util:34] [https://v.qq.com/x/page/x06278znhlv.html] is already in bloom.
[I 190903 10:51:35 bloom_util:34] [https://v.qq.com/x/page/x06278znhlv.html] is already in bloom.
[I 190903 10:51:35 bloom_util:34] [https://v.qq.com/x/page/p0628p6zuvn.html] is already in bloom.
[I 190903 10:51:35 bloom_util:34] [https://v.qq.com/x/page/y06289pplbp.html] is already in bloom.
[I 190903 10:51:35 bloom_util:34] [https://v.qq.com/x/page/j06288r0rqg.html] is already in bloom.
[I 190903 10:51:35 bloom_util:34] [https://v.qq.com/x/page/l0628640sfl.html] is already in bloom.
[I 190903 10:51:35 bloom_util:34] [https://v.qq.com/x/page/y0628flvogz.html] is already in bloom.
[I 190903 10:51:35 bloom_util:34] [https://v.qq.com/x/page/j063396nxbr.html] is already in bloom.
[I 190903 10:51:35 bloom_util:34] [https://v.qq.com/x/page/a06339b6jou.html] is already in bloom.
[I 190903 10:51:36 bloom_util:37] add [https://v.qq.com/x/page/p0921a08oev.html]
[I 190903 10:51:41 bloom_util:37] add [https://v.qq.com/x/page/i092157jcic.html]
[I 190903 11:04:29 bloom_util:37] add [https://v.qq.com/x/page/v0921wh2gim.html]
[I 190903 11:05:56 bloom_util:37] add [https://v.qq.com/x/page/v0921346beo.html]
[I 190903 11:07:30 bloom_util:37] add [https://v.qq.com/x/page/j0921efa06c.html]
[I 190903 11:08:10 bloom_util:37] add [https://v.qq.com/x/page/z09212y7vgl.html]
[I 190903 11:09:01 bloom_util:37] add [https://v.qq.com/x/page/h09214gtsra.html]
[I 190903 11:09:31 bloom_util:37] add [https://v.qq.com/x/page/a0921up3khl.html]
[I 190903 11:10:19 bloom_util:37] add [https://v.qq.com/x/page/d0921h0doeh.html]
[I 190903 11:10:24 bloom_util:37] add [https://v.qq.com/x/page/j09210kwq7y.html]
[I 190903 11:11:17 bloom_util:37] add [https://v.qq.com/x/page/j09217vtnq2.html]
[I 190903 11:12:33 bloom_util:37] add [https://v.qq.com/x/page/p0921kffppc.html]
[I 190903 11:13:29 bloom_util:37] add [https://v.qq.com/x/page/s0921jk2itm.html]
[I 190903 11:14:18 bloom_util:37] add [https://v.qq.com/x/page/v09211gppvu.html]
[I 190903 11:16:34 bloom_util:37] add [https://v.qq.com/x/page/p0921n10adl.html]
[I 190903 11:18:17 bloom_util:37] add [https://v.qq.com/x/page/z092113r34y.html]
[I 190903 11:18:45 bloom_util:37] add [https://v.qq.com/x/page/l0921k982x4.html]
[I 190903 11:19:52 bloom_util:37] add [https://v.qq.com/x/page/e0921bbpuiq.html]
[I 190903 11:21:56 bloom_util:37] add [https://v.qq.com/x/page/e0921orx4ja.html]
[I 190903 11:22:21 bloom_util:37] add [https://v.qq.com/x/page/e0921qnfc0h.html]
[I 190903 11:22:44 bloom_util:34] [https://v.qq.com/x/page/z0918p0lvq2.html] is already in bloom.
[I 190903 11:22:44 bloom_util:34] [https://v.qq.com/x/page/t0915xdjab8.html] is already in bloom.
[I 190903 11:22:44 bloom_util:34] [https://v.qq.com/x/page/y0915krvfqd.html] is already in bloom.
[I 190903 11:22:44 bloom_util:34] [https://v.qq.com/x/page/k091529azbi.html] is already in bloom.
[I 190903 11:22:44 bloom_util:34] [https://v.qq.com/x/page/w0915hl1ca1.html] is already in bloom.
[I 190903 11:22:44 bloom_util:34] [https://v.qq.com/x/page/u09157vtvou.html] is already in bloom.
[I 190903 11:22:44 bloom_util:34] [https://v.qq.com/x/page/z0915vnaqgi.html] is already in bloom.
[I 190903 11:22:44 bloom_util:34] [https://v.qq.com/x/page/e0915umxgy1.html] is already in bloom.
[I 190903 11:22:44 bloom_util:34] [https://v.qq.com/x/page/v0915eqk8v2.html] is already in bloom.
[I 190903 11:22:44 bloom_util:34] [https://v.qq.com/x/page/j0915mk2lz5.html] is already in bloom.
[I 190903 11:22:44 bloom_util:34] [https://v.qq.com/x/page/c091566l3r9.html] is already in bloom.
[I 190903 11:22:44 bloom_util:34] [https://v.qq.com/x/page/y0915p8jmhs.html] is already in bloom.
[I 190903 11:22:44 bloom_util:34] [https://v.qq.com/x/page/e0915nt267v.html] is already in bloom.
[I 190903 11:22:44 bloom_util:34] [https://v.qq.com/x/page/f09151fd0nv.html] is already in bloom.
[I 190903 11:22:44 bloom_util:34] [https://v.qq.com/x/page/x0915aa6y8z.html] is already in bloom.
[I 190903 11:22:44 bloom_util:34] [https://v.qq.com/x/page/s0915ggvfbn.html] is already in bloom.
[I 190903 11:22:44 bloom_util:34] [https://v.qq.com/x/page/z0915tq6vy7.html] is already in bloom.
[I 190903 11:22:44 bloom_util:34] [https://v.qq.com/x/page/t0915bspw1u.html] is already in bloom.
[I 190903 11:22:44 bloom_util:34] [https://v.qq.com/x/page/y09154ruqji.html] is already in bloom.
[I 190903 11:22:44 bloom_util:34] [https://v.qq.com/x/page/b091578flm8.html] is already in bloom.
[I 190903 11:22:45 bloom_util:37] add [https://v.qq.com/x/page/i09217gsuz2.html]
[I 190903 11:24:05 bloom_util:37] add [https://v.qq.com/x/page/m0921du7c15.html]
[I 190903 11:25:59 bloom_util:37] add [https://v.qq.com/x/page/n0921i69o7s.html]
[I 190903 11:32:34 bloom_util:34] [https://v.qq.com/x/page/b09216wtneb.html] is already in bloom.
[I 190903 11:32:34 bloom_util:34] [https://v.qq.com/x/page/f0921u2c6sj.html] is already in bloom.
[I 190903 11:32:34 bloom_util:34] [https://v.qq.com/x/page/k0921wsv7s4.html] is already in bloom.
[I 190903 11:32:34 bloom_util:34] [https://v.qq.com/x/page/h0920gawx2i.html] is already in bloom.
[I 190903 11:32:34 bloom_util:34] [https://v.qq.com/x/page/m092088wtxi.html] is already in bloom.
[I 190903 11:32:34 bloom_util:34] [https://v.qq.com/x/page/f0920s9k3kv.html] is already in bloom.
[I 190903 11:32:34 bloom_util:34] [https://v.qq.com/x/page/u0919dtwfna.html] is already in bloom.
[I 190903 11:32:34 bloom_util:34] [https://v.qq.com/x/page/o0919g7ah6p.html] is already in bloom.
[I 190903 11:32:34 bloom_util:34] [https://v.qq.com/x/page/c09198no25f.html] is already in bloom.
[I 190903 11:32:34 bloom_util:34] [https://v.qq.com/x/page/l0919eem0t1.html] is already in bloom.
[I 190903 11:32:34 bloom_util:34] [https://v.qq.com/x/page/c0919b9akyb.html] is already in bloom.
[I 190903 11:32:34 bloom_util:34] [https://v.qq.com/x/page/m0918v6787g.html] is already in bloom.
[I 190903 11:32:34 bloom_util:34] [https://v.qq.com/x/page/i0918h6wfk4.html] is already in bloom.
[I 190903 11:32:34 bloom_util:34] [https://v.qq.com/x/page/l0918gs4dwu.html] is already in bloom.
[I 190903 11:32:34 bloom_util:34] [https://v.qq.com/x/page/f0918ythxo4.html] is already in bloom.
[I 190903 11:32:34 bloom_util:34] [https://v.qq.com/x/page/b0918j772o2.html] is already in bloom.
[I 190903 11:32:34 bloom_util:34] [https://v.qq.com/x/page/x0918l3taxa.html] is already in bloom.
[I 190903 11:32:34 bloom_util:34] [https://v.qq.com/x/page/k06831vdedf.html] is already in bloom.
[I 190903 11:32:34 bloom_util:34] [https://v.qq.com/x/page/a0684mdcodo.html] is already in bloom.
[I 190903 11:32:34 bloom_util:34] [https://v.qq.com/x/page/g0686ruxuad.html] is already in bloom.
[I 190903 11:32:34 bloom_util:34] [https://v.qq.com/x/page/g0686ruxuad.html] is already in bloom.
[I 190903 11:32:34 bloom_util:34] [https://v.qq.com/x/page/r06886azu2v.html] is already in bloom.
[I 190903 11:32:34 bloom_util:34] [https://v.qq.com/x/page/o0689o8g05p.html] is already in bloom.
[I 190903 11:32:34 bloom_util:34] [https://v.qq.com/x/page/q0690ocplvj.html] is already in bloom.
[I 190903 11:32:34 bloom_util:34] [https://v.qq.com/x/page/a0691afnocn.html] is already in bloom.
[I 190903 11:32:34 bloom_util:34] [https://v.qq.com/x/page/y0691p65bt7.html] is already in bloom.
[I 190903 11:32:34 bloom_util:34] [https://v.qq.com/x/page/y0691p65bt7.html] is already in bloom.
[I 190903 11:32:34 bloom_util:34] [https://v.qq.com/x/page/o0691h2clra.html] is already in bloom.
[I 190903 11:32:34 bloom_util:34] [https://v.qq.com/x/page/o0691h2clra.html] is already in bloom.
[I 190903 11:32:34 bloom_util:34] [https://v.qq.com/x/page/w0692se74hc.html] is already in bloom.
[I 190903 11:32:34 bloom_util:34] [https://v.qq.com/x/page/w0692se74hc.html] is already in bloom.
[I 190903 11:32:34 bloom_util:34] [https://v.qq.com/x/page/g0692iqlk6s.html] is already in bloom.
[I 190903 11:32:34 bloom_util:34] [https://v.qq.com/x/page/g0692iqlk6s.html] is already in bloom.
[I 190903 11:32:34 bloom_util:34] [https://v.qq.com/x/page/e0692sqi67v.html] is already in bloom.
[I 190903 11:32:34 bloom_util:34] [https://v.qq.com/x/page/e0692sqi67v.html] is already in bloom.
[I 190903 11:32:34 bloom_util:34] [https://v.qq.com/x/page/y0692nevyna.html] is already in bloom.
[I 190903 11:32:34 bloom_util:34] [https://v.qq.com/x/page/y0692nevyna.html] is already in bloom.
[I 190903 11:32:35 bloom_util:37] add [https://v.qq.com/x/page/v0921e9vm87.html]
[I 190903 11:34:28 bloom_util:37] add [https://v.qq.com/x/page/s0921d777t8.html]
[I 190903 13:37:44 bloom_util:37] add [https://v.qq.com/x/page/t092173k5my.html]
[I 190903 13:37:52 bloom_util:37] add [https://v.qq.com/x/page/p0921x5yak1.html]
[I 190903 13:41:05 bloom_util:37] add [https://v.qq.com/x/page/w0921dz9y7h.html]
[I 190903 13:41:52 bloom_util:37] add [https://v.qq.com/x/page/e0921tdt4za.html]
[I 190903 13:41:58 bloom_util:37] add [https://v.qq.com/x/page/f0921ceek63.html]
[I 190903 13:49:11 bloom_util:37] add [https://v.qq.com/x/page/d0921gtzjfl.html]
[I 190903 13:51:01 bloom_util:37] add [https://v.qq.com/x/page/o09215e0zav.html]
[I 190903 13:51:51 bloom_util:34] [https://v.qq.com/x/page/j09213c3qhq.html] is already in bloom.
[I 190903 13:51:51 bloom_util:34] [https://v.qq.com/x/page/j0921qrgamo.html] is already in bloom.
[I 190903 13:51:51 bloom_util:34] [https://v.qq.com/x/page/t092175wr4q.html] is already in bloom.
[I 190903 13:51:51 bloom_util:34] [https://v.qq.com/x/page/p0921doqs2z.html] is already in bloom.
[I 190903 13:51:51 bloom_util:34] [https://v.qq.com/x/page/q0921g6yrhp.html] is already in bloom.
[I 190903 13:51:51 bloom_util:34] [https://v.qq.com/x/page/y0921yiibg6.html] is already in bloom.
[I 190903 13:51:51 bloom_util:34] [https://v.qq.com/x/page/d0921523irp.html] is already in bloom.
[I 190903 13:51:51 bloom_util:34] [https://v.qq.com/x/page/x09218n8qtg.html] is already in bloom.
[I 190903 13:51:51 bloom_util:34] [https://v.qq.com/x/page/v0921f6tk2m.html] is already in bloom.
[I 190903 13:51:51 bloom_util:34] [https://v.qq.com/x/page/b0921wcnsel.html] is already in bloom.
[I 190903 13:51:51 bloom_util:34] [https://v.qq.com/x/page/c0921755uz4.html] is already in bloom.
[I 190903 13:51:51 bloom_util:34] [https://v.qq.com/x/page/i0921vanw19.html] is already in bloom.
[I 190903 13:51:51 bloom_util:34] [https://v.qq.com/x/page/b092168rioc.html] is already in bloom.
[I 190903 13:51:51 bloom_util:34] [https://v.qq.com/x/page/v0889ia9img.html] is already in bloom.
[I 190903 13:51:51 bloom_util:34] [https://v.qq.com/x/page/x0881yjbbtu.html] is already in bloom.
[I 190903 13:51:51 bloom_util:34] [https://v.qq.com/x/page/p0880mrhu7j.html] is already in bloom.
[I 190903 13:51:51 bloom_util:34] [https://v.qq.com/x/page/w088237y54w.html] is already in bloom.
[I 190903 13:51:51 bloom_util:34] [https://v.qq.com/x/page/x0878y22474.html] is already in bloom.
[I 190903 13:51:51 bloom_util:34] [https://v.qq.com/x/page/v0877abwh91.html] is already in bloom.
[I 190903 13:51:51 bloom_util:34] [https://v.qq.com/x/page/v0876j11mle.html] is already in bloom.
[I 190903 13:51:51 bloom_util:34] [https://v.qq.com/x/page/s0874mku6z9.html] is already in bloom.
[I 190903 13:51:51 bloom_util:34] [https://v.qq.com/x/page/q088620srmt.html] is already in bloom.
[I 190903 13:51:51 bloom_util:34] [https://v.qq.com/x/page/p0871j47e70.html] is already in bloom.
[I 190903 13:51:51 bloom_util:34] [https://v.qq.com/x/page/i0880l8vn5o.html] is already in bloom.
[I 190903 13:51:51 bloom_util:34] [https://v.qq.com/x/page/b0873qaxuqx.html] is already in bloom.
[I 190903 13:51:51 bloom_util:34] [https://v.qq.com/x/page/q0893dt3tf7.html] is already in bloom.
[I 190903 13:51:51 bloom_util:34] [https://v.qq.com/x/page/p0882wtmi3x.html] is already in bloom.
[I 190903 13:51:51 bloom_util:34] [https://v.qq.com/x/page/f08856pl8rp.html] is already in bloom.
[I 190903 13:51:51 bloom_util:34] [https://v.qq.com/x/page/g0894k2wtdy.html] is already in bloom.
[I 190903 13:51:52 bloom_util:37] add [https://v.qq.com/x/page/y092223tyac.html]
[I 190903 13:52:03 bloom_util:37] add [https://v.qq.com/x/page/r0922dp6jg0.html]
[I 190903 13:53:58 bloom_util:34] [https://v.qq.com/x/page/u0921shktv3.html] is already in bloom.
[I 190903 13:53:58 bloom_util:34] [https://v.qq.com/x/page/p0921xzv9q1.html] is already in bloom.
[I 190903 13:53:58 bloom_util:34] [https://v.qq.com/x/page/b0921xz2ng2.html] is already in bloom.
[I 190903 13:53:58 bloom_util:34] [https://v.qq.com/x/page/i0921ulx4pl.html] is already in bloom.
[I 190903 13:53:58 bloom_util:34] [https://v.qq.com/x/page/y0920i2oa3u.html] is already in bloom.
[I 190903 13:53:58 bloom_util:34] [https://v.qq.com/x/page/d0920y0up89.html] is already in bloom.
[I 190903 13:53:58 bloom_util:34] [https://v.qq.com/x/page/r0920ataym1.html] is already in bloom.
[I 190903 13:53:58 bloom_util:34] [https://v.qq.com/x/page/f0920c5f414.html] is already in bloom.
[I 190903 13:53:58 bloom_util:34] [https://v.qq.com/x/page/a0920p47ly4.html] is already in bloom.
[I 190903 13:53:58 bloom_util:34] [https://v.qq.com/x/page/h0920otxyjh.html] is already in bloom.
[I 190903 13:53:58 bloom_util:34] [https://v.qq.com/x/page/o0920monlsv.html] is already in bloom.
[I 190903 13:53:58 bloom_util:34] [https://v.qq.com/x/page/d0920a2jndb.html] is already in bloom.
[I 190903 13:53:58 bloom_util:34] [https://v.qq.com/x/page/l0920ef941w.html] is already in bloom.
[I 190903 13:53:58 bloom_util:34] [https://v.qq.com/x/page/s0920h56o14.html] is already in bloom.
[I 190903 13:53:58 bloom_util:34] [https://v.qq.com/x/page/h09194vkun8.html] is already in bloom.
[I 190903 13:53:58 bloom_util:34] [https://v.qq.com/x/page/i0919t7xske.html] is already in bloom.
[I 190903 13:53:58 bloom_util:34] [https://v.qq.com/x/page/p09192skl6q.html] is already in bloom.
[I 190903 13:53:58 bloom_util:34] [https://v.qq.com/x/page/k0919g5844e.html] is already in bloom.
[I 190903 13:53:58 bloom_util:34] [https://v.qq.com/x/page/z0629u3blg9.html] is already in bloom.
[I 190903 13:53:58 bloom_util:34] [https://v.qq.com/x/page/n0629mdb6hh.html] is already in bloom.
[I 190903 13:53:58 bloom_util:34] [https://v.qq.com/x/page/x06308ih516.html] is already in bloom.
[I 190903 13:53:58 bloom_util:34] [https://v.qq.com/x/page/b0631b7oecl.html] is already in bloom.
[I 190903 13:53:58 bloom_util:34] [https://v.qq.com/x/page/v0632i1sis1.html] is already in bloom.
[I 190903 13:53:58 bloom_util:34] [https://v.qq.com/x/page/m0633khm6ci.html] is already in bloom.
[I 190903 13:53:58 bloom_util:34] [https://v.qq.com/x/page/u0638j5lthu.html] is already in bloom.
[I 190903 13:53:58 bloom_util:34] [https://v.qq.com/x/page/i0638wh3nfk.html] is already in bloom.
[I 190903 13:53:58 bloom_util:34] [https://v.qq.com/x/page/n06383793ib.html] is already in bloom.
[I 190903 13:53:58 bloom_util:34] [https://v.qq.com/x/page/n06383793ib.html] is already in bloom.
[I 190903 13:53:58 bloom_util:34] [https://v.qq.com/x/page/w0638qylyo5.html] is already in bloom.
[I 190903 13:53:58 bloom_util:34] [https://v.qq.com/x/page/v0638ryw8mm.html] is already in bloom.
[I 190903 13:53:58 bloom_util:34] [https://v.qq.com/x/page/j0639ttqkbj.html] is already in bloom.
[I 190903 13:53:58 bloom_util:34] [https://v.qq.com/x/page/c0639nphp1v.html] is already in bloom.
[I 190903 13:53:58 bloom_util:34] [https://v.qq.com/x/page/c0639nphp1v.html] is already in bloom.
[I 190903 13:53:58 bloom_util:34] [https://v.qq.com/x/page/d0639we3874.html] is already in bloom.
[I 190903 13:53:58 bloom_util:34] [https://v.qq.com/x/page/d0639we3874.html] is already in bloom.
[I 190903 13:53:58 bloom_util:34] [https://v.qq.com/x/page/h064088bjxz.html] is already in bloom.
[I 190903 13:53:58 bloom_util:34] [https://v.qq.com/x/page/o06409l80e2.html] is already in bloom.
[I 190903 13:53:58 bloom_util:34] [https://v.qq.com/x/page/g06405gyhgl.html] is already in bloom.
[I 190903 13:53:58 bloom_util:34] [https://v.qq.com/x/page/n0921uzr2rw.html] is already in bloom.
[I 190903 13:53:58 bloom_util:34] [https://v.qq.com/x/page/j092152c7w3.html] is already in bloom.
[I 190903 13:53:58 bloom_util:34] [https://v.qq.com/x/page/d0921vlw7yi.html] is already in bloom.
[I 190903 13:53:58 bloom_util:34] [https://v.qq.com/x/page/n09205iwatb.html] is already in bloom.
[I 190903 13:53:58 bloom_util:34] [https://v.qq.com/x/page/z092042sp14.html] is already in bloom.
[I 190903 13:53:58 bloom_util:34] [https://v.qq.com/x/page/u0918h935e1.html] is already in bloom.
[I 190903 13:53:58 bloom_util:34] [https://v.qq.com/x/page/q0918uoxz59.html] is already in bloom.
[I 190903 13:53:58 bloom_util:34] [https://v.qq.com/x/page/c0918p4vhk9.html] is already in bloom.
[I 190903 13:53:58 bloom_util:34] [https://v.qq.com/x/page/d0917jg4h6c.html] is already in bloom.
[I 190903 13:53:58 bloom_util:34] [https://v.qq.com/x/page/h09172feb2b.html] is already in bloom.
[I 190903 13:53:58 bloom_util:34] [https://v.qq.com/x/page/c0917e2k9d5.html] is already in bloom.
[I 190903 13:53:58 bloom_util:34] [https://v.qq.com/x/page/d09171z650g.html] is already in bloom.
[I 190903 13:53:58 bloom_util:34] [https://v.qq.com/x/page/r09175r8943.html] is already in bloom.
[I 190903 13:53:58 bloom_util:34] [https://v.qq.com/x/page/f0917ccp8a8.html] is already in bloom.
[I 190903 13:53:58 bloom_util:34] [https://v.qq.com/x/page/w0917fab6di.html] is already in bloom.
[I 190903 13:53:58 bloom_util:34] [https://v.qq.com/x/page/d0917ttynbo.html] is already in bloom.
[I 190903 13:53:58 bloom_util:34] [https://v.qq.com/x/page/v09174d2l4o.html] is already in bloom.
[I 190903 13:53:58 bloom_util:34] [https://v.qq.com/x/page/p0917mvopg8.html] is already in bloom.
[I 190903 13:53:58 bloom_util:34] [https://v.qq.com/x/page/y0916rcg7fz.html] is already in bloom.
[I 190903 13:53:58 bloom_util:34] [https://v.qq.com/x/page/i0916j22upk.html] is already in bloom.
[I 190903 13:53:58 bloom_util:34] [https://v.qq.com/x/page/c0698mppb75.html] is already in bloom.
[I 190903 13:53:58 bloom_util:34] [https://v.qq.com/x/page/s0698qw6hvb.html] is already in bloom.
[I 190903 13:53:58 bloom_util:34] [https://v.qq.com/x/page/q0699pwvg21.html] is already in bloom.
[I 190903 13:53:58 bloom_util:34] [https://v.qq.com/x/page/y06997eqcjw.html] is already in bloom.
[I 190903 13:53:58 bloom_util:34] [https://v.qq.com/x/page/q0701tjbnxj.html] is already in bloom.
[I 190903 13:53:58 bloom_util:34] [https://v.qq.com/x/page/y0701sw2wq9.html] is already in bloom.
[I 190903 13:53:58 bloom_util:34] [https://v.qq.com/x/page/e0701xrzlqb.html] is already in bloom.
[I 190903 13:53:58 bloom_util:34] [https://v.qq.com/x/page/o0702ao6de3.html] is already in bloom.
[I 190903 13:53:58 bloom_util:34] [https://v.qq.com/x/page/o0702ao6de3.html] is already in bloom.
[I 190903 13:53:58 bloom_util:34] [https://v.qq.com/x/page/x0702qfhu6v.html] is already in bloom.
[I 190903 13:53:58 bloom_util:34] [https://v.qq.com/x/page/x0702qfhu6v.html] is already in bloom.
[I 190903 13:53:58 bloom_util:34] [https://v.qq.com/x/page/l0702hayd30.html] is already in bloom.
[I 190903 13:53:58 bloom_util:34] [https://v.qq.com/x/page/l0702hayd30.html] is already in bloom.
[I 190903 13:53:58 bloom_util:34] [https://v.qq.com/x/page/q070864xg34.html] is already in bloom.
[I 190903 13:53:58 bloom_util:34] [https://v.qq.com/x/page/i07091d1xfv.html] is already in bloom.
[I 190903 13:53:58 bloom_util:34] [https://v.qq.com/x/page/v0710pkcyiq.html] is already in bloom.
[I 190903 13:53:58 bloom_util:34] [https://v.qq.com/x/page/k0710887zr7.html] is already in bloom.
[I 190903 13:53:58 bloom_util:34] [https://v.qq.com/x/page/l07108p819l.html] is already in bloom.
[I 190903 13:53:58 bloom_util:34] [https://v.qq.com/x/page/k0711hbgwne.html] is already in bloom.
[I 190903 13:53:58 bloom_util:34] [https://v.qq.com/x/page/r0711la7r29.html] is already in bloom.
[I 190903 13:54:03 bloom_util:34] [https://v.qq.com/x/page/e0920dxxcqy.html] is already in bloom.
[I 190903 13:54:03 bloom_util:34] [https://v.qq.com/x/page/l09203clkci.html] is already in bloom.
[I 190903 13:54:03 bloom_util:34] [https://v.qq.com/x/page/w0920fftlsz.html] is already in bloom.
[I 190903 13:54:03 bloom_util:34] [https://v.qq.com/x/page/h0920tbcof2.html] is already in bloom.
[I 190903 13:54:03 bloom_util:34] [https://v.qq.com/x/page/c0919wcig3k.html] is already in bloom.
[I 190903 13:54:03 bloom_util:34] [https://v.qq.com/x/page/y0919lrbuwr.html] is already in bloom.
[I 190903 13:54:03 bloom_util:34] [https://v.qq.com/x/page/l091935luv9.html] is already in bloom.
[I 190903 13:54:03 bloom_util:34] [https://v.qq.com/x/page/w09199p1hqu.html] is already in bloom.
[I 190903 13:54:03 bloom_util:34] [https://v.qq.com/x/page/k0919815j7m.html] is already in bloom.
[I 190903 13:54:03 bloom_util:34] [https://v.qq.com/x/page/s0918zvui58.html] is already in bloom.
[I 190903 13:54:03 bloom_util:34] [https://v.qq.com/x/page/x09180cgtfv.html] is already in bloom.
[I 190903 13:54:03 bloom_util:34] [https://v.qq.com/x/page/e091882yec8.html] is already in bloom.
[I 190903 13:54:03 bloom_util:34] [https://v.qq.com/x/page/r0918tk7e8u.html] is already in bloom.
[I 190903 13:54:03 bloom_util:34] [https://v.qq.com/x/page/a0917owraeh.html] is already in bloom.
[I 190903 13:54:03 bloom_util:34] [https://v.qq.com/x/page/c0917z5yb7i.html] is already in bloom.
[I 190903 13:54:03 bloom_util:34] [https://v.qq.com/x/page/p0917ugbbs1.html] is already in bloom.
[I 190903 13:54:03 bloom_util:34] [https://v.qq.com/x/page/x0917oi5b3t.html] is already in bloom.
[I 190903 13:54:03 bloom_util:34] [https://v.qq.com/x/page/f09170wczak.html] is already in bloom.
[I 190903 13:54:03 bloom_util:34] [https://v.qq.com/x/page/f0915xewa42.html] is already in bloom.
[I 190903 13:54:03 bloom_util:34] [https://v.qq.com/x/page/d0915yaos4e.html] is already in bloom.
[I 190903 13:54:03 bloom_util:34] [https://v.qq.com/x/page/x0860zo8u0r.html] is already in bloom.
[I 190903 13:54:03 bloom_util:34] [https://v.qq.com/x/page/z0860cbpv1x.html] is already in bloom.
[I 190903 13:54:03 bloom_util:34] [https://v.qq.com/x/page/o08603vq92v.html] is already in bloom.
[I 190903 13:54:03 bloom_util:34] [https://v.qq.com/x/page/d0860v0e5cn.html] is already in bloom.
[I 190903 13:54:03 bloom_util:34] [https://v.qq.com/x/page/v0869t9gkzr.html] is already in bloom.
[I 190903 13:54:03 bloom_util:34] [https://v.qq.com/x/page/t0869wysltn.html] is already in bloom.
[I 190903 13:54:03 bloom_util:34] [https://v.qq.com/x/page/b0869fj9227.html] is already in bloom.
[I 190903 13:54:03 bloom_util:34] [https://v.qq.com/x/page/r0869uxr0im.html] is already in bloom.
[I 190903 13:54:03 bloom_util:34] [https://v.qq.com/x/page/z0869dceu76.html] is already in bloom.
[I 190903 13:54:03 bloom_util:34] [https://v.qq.com/x/page/t086971339v.html] is already in bloom.
[I 190903 13:54:03 bloom_util:34] [https://v.qq.com/x/page/o0869lc5mvu.html] is already in bloom.
[I 190903 13:54:03 bloom_util:34] [https://v.qq.com/x/page/i08694v6flu.html] is already in bloom.
[I 190903 13:54:03 bloom_util:34] [https://v.qq.com/x/page/w0869ffb9qa.html] is already in bloom.
[I 190903 13:54:03 bloom_util:34] [https://v.qq.com/x/page/c0869dog939.html] is already in bloom.
[I 190903 13:54:03 bloom_util:34] [https://v.qq.com/x/page/w0869xgmyvr.html] is already in bloom.
[I 190903 13:54:03 bloom_util:34] [https://v.qq.com/x/page/j0870137s1w.html] is already in bloom.
[I 190903 13:54:03 bloom_util:34] [https://v.qq.com/x/page/z0870rkfgq2.html] is already in bloom.
[I 190903 13:54:03 bloom_util:34] [https://v.qq.com/x/page/o0870sg13ba.html] is already in bloom.
[I 190903 13:54:03 bloom_util:34] [https://v.qq.com/x/page/z08702nzvzf.html] is already in bloom.
[I 190903 13:54:03 bloom_util:34] [https://v.qq.com/x/page/p0870hqhj79.html] is already in bloom.
[I 190903 13:54:07 bloom_util:34] [https://v.qq.com/x/page/d0921lb8cpj.html] is already in bloom.
[I 190903 13:54:07 bloom_util:34] [https://v.qq.com/x/page/j0921ycvp11.html] is already in bloom.
[I 190903 13:54:07 bloom_util:34] [https://v.qq.com/x/page/r0921cnudf4.html] is already in bloom.
[I 190903 13:54:07 bloom_util:34] [https://v.qq.com/x/page/m0921zr156e.html] is already in bloom.
[I 190903 13:54:07 bloom_util:34] [https://v.qq.com/x/page/n0921h1nl60.html] is already in bloom.
[I 190903 13:54:07 bloom_util:34] [https://v.qq.com/x/page/j0921t3naz1.html] is already in bloom.
[I 190903 13:54:07 bloom_util:34] [https://v.qq.com/x/page/e0921ts851u.html] is already in bloom.
[I 190903 13:54:07 bloom_util:34] [https://v.qq.com/x/page/s0921ls2zu1.html] is already in bloom.
[I 190903 13:54:07 bloom_util:34] [https://v.qq.com/x/page/p09218txe0q.html] is already in bloom.
[I 190903 13:54:07 bloom_util:34] [https://v.qq.com/x/page/m0921conr7s.html] is already in bloom.
[I 190903 13:54:07 bloom_util:34] [https://v.qq.com/x/page/o0920x93nya.html] is already in bloom.
[I 190903 13:54:07 bloom_util:34] [https://v.qq.com/x/page/l0920p05grn.html] is already in bloom.
[I 190903 13:54:07 bloom_util:34] [https://v.qq.com/x/page/u0920alc93i.html] is already in bloom.
[I 190903 13:54:07 bloom_util:34] [https://v.qq.com/x/page/m0920izem33.html] is already in bloom.
[I 190903 13:54:07 bloom_util:34] [https://v.qq.com/x/page/x0919ktkwid.html] is already in bloom.
[I 190903 13:54:07 bloom_util:34] [https://v.qq.com/x/page/z09191v6y03.html] is already in bloom.
[I 190903 13:54:07 bloom_util:34] [https://v.qq.com/x/page/p0919jmr68d.html] is already in bloom.
[I 190903 13:54:07 bloom_util:34] [https://v.qq.com/x/page/e0919b4imug.html] is already in bloom.
[I 190903 13:54:07 bloom_util:34] [https://v.qq.com/x/page/q091932594i.html] is already in bloom.
[I 190903 13:54:07 bloom_util:34] [https://v.qq.com/x/page/z0918ud9gdm.html] is already in bloom.
[I 190903 13:54:07 bloom_util:34] [https://v.qq.com/x/page/v0835uufaqt.html] is already in bloom.
[I 190903 13:54:07 bloom_util:34] [https://v.qq.com/x/page/a0835gkkrrd.html] is already in bloom.
[I 190903 13:54:07 bloom_util:34] [https://v.qq.com/x/page/c0835zc91t3.html] is already in bloom.
[I 190903 13:54:07 bloom_util:34] [https://v.qq.com/x/page/x0835nehakl.html] is already in bloom.
[I 190903 13:54:07 bloom_util:34] [https://v.qq.com/x/page/z0836xjkbp0.html] is already in bloom.
[I 190903 13:54:07 bloom_util:34] [https://v.qq.com/x/page/q08367mgdff.html] is already in bloom.
[I 190903 13:54:07 bloom_util:34] [https://v.qq.com/x/page/o0836nmwqgt.html] is already in bloom.
[I 190903 13:54:07 bloom_util:34] [https://v.qq.com/x/page/n0836sk9gls.html] is already in bloom.
[I 190903 13:54:07 bloom_util:34] [https://v.qq.com/x/page/u08364t4ngv.html] is already in bloom.
[I 190903 13:54:07 bloom_util:34] [https://v.qq.com/x/page/v0836iucnoy.html] is already in bloom.
[I 190903 13:54:07 bloom_util:34] [https://v.qq.com/x/page/h083748w4q3.html] is already in bloom.
[I 190903 13:54:07 bloom_util:34] [https://v.qq.com/x/page/u0837btri4k.html] is already in bloom.
[I 190903 13:54:07 bloom_util:34] [https://v.qq.com/x/page/b0838txw94k.html] is already in bloom.
[I 190903 13:54:07 bloom_util:34] [https://v.qq.com/x/page/c0838auycgi.html] is already in bloom.
[I 190903 13:54:07 bloom_util:34] [https://v.qq.com/x/page/f0838ptge00.html] is already in bloom.
[I 190903 13:54:07 bloom_util:34] [https://v.qq.com/x/page/r0839qgnx8t.html] is already in bloom.
[I 190903 13:54:07 bloom_util:34] [https://v.qq.com/x/page/v0839sfzl2u.html] is already in bloom.
[I 190903 13:54:07 bloom_util:34] [https://v.qq.com/x/page/o0840aisryy.html] is already in bloom.
[I 190903 13:54:07 bloom_util:34] [https://v.qq.com/x/page/i0840qs8qxg.html] is already in bloom.
[I 190903 13:54:07 bloom_util:34] [https://v.qq.com/x/page/i0840woowah.html] is already in bloom.
[I 190903 13:54:11 bloom_util:34] [https://v.qq.com/x/page/q0920l04jsx.html] is already in bloom.
[I 190903 13:54:11 bloom_util:34] [https://v.qq.com/x/page/c0920n7r46d.html] is already in bloom.
[I 190903 13:54:11 bloom_util:34] [https://v.qq.com/x/page/z0920kzkxjy.html] is already in bloom.
[I 190903 13:54:11 bloom_util:34] [https://v.qq.com/x/page/v0920866bhk.html] is already in bloom.
[I 190903 13:54:11 bloom_util:34] [https://v.qq.com/x/page/y0920ztfkog.html] is already in bloom.
[I 190903 13:54:11 bloom_util:34] [https://v.qq.com/x/page/z09204xrwq9.html] is already in bloom.
[I 190903 13:54:11 bloom_util:34] [https://v.qq.com/x/page/r0920rpb769.html] is already in bloom.
[I 190903 13:54:11 bloom_util:34] [https://v.qq.com/x/page/g0919hsrhy0.html] is already in bloom.
[I 190903 13:54:11 bloom_util:34] [https://v.qq.com/x/page/i0917tdq417.html] is already in bloom.
[I 190903 13:54:11 bloom_util:34] [https://v.qq.com/x/page/u09176io9t7.html] is already in bloom.
[I 190903 13:54:11 bloom_util:34] [https://v.qq.com/x/page/a0917rn7eyh.html] is already in bloom.
[I 190903 13:54:11 bloom_util:34] [https://v.qq.com/x/page/i0917wuzqkb.html] is already in bloom.
[I 190903 13:54:11 bloom_util:34] [https://v.qq.com/x/page/e0917820qwu.html] is already in bloom.
[I 190903 13:54:11 bloom_util:34] [https://v.qq.com/x/page/o09174ini0a.html] is already in bloom.
[I 190903 13:54:11 bloom_util:34] [https://v.qq.com/x/page/x0917ga55y0.html] is already in bloom.
[I 190903 13:54:11 bloom_util:34] [https://v.qq.com/x/page/x09176dmde1.html] is already in bloom.
[I 190903 13:54:11 bloom_util:34] [https://v.qq.com/x/page/a0917lh9wm7.html] is already in bloom.
[I 190903 13:54:11 bloom_util:34] [https://v.qq.com/x/page/x0917akal2v.html] is already in bloom.
[I 190903 13:54:11 bloom_util:34] [https://v.qq.com/x/page/t0916ilcdxc.html] is already in bloom.
[I 190903 13:54:11 bloom_util:34] [https://v.qq.com/x/page/j09168gpkso.html] is already in bloom.
[I 190903 13:54:15 bloom_util:37] add [https://v.qq.com/x/page/a09222ufxe0.html]
[I 190903 14:07:51 bloom_util:34] [https://v.qq.com/x/page/t092173k5my.html] is already in bloom.
[I 190903 14:07:51 bloom_util:34] [https://v.qq.com/x/page/p0921x5yak1.html] is already in bloom.
[I 190903 14:07:51 bloom_util:34] [https://v.qq.com/x/page/w0921dz9y7h.html] is already in bloom.
[I 190903 14:07:51 bloom_util:34] [https://v.qq.com/x/page/e0921tdt4za.html] is already in bloom.
[I 190903 14:07:51 bloom_util:34] [https://v.qq.com/x/page/f0921ceek63.html] is already in bloom.
[I 190903 14:07:51 bloom_util:34] [https://v.qq.com/x/page/d0921gtzjfl.html] is already in bloom.
[I 190903 14:07:51 bloom_util:34] [https://v.qq.com/x/page/o09215e0zav.html] is already in bloom.
[I 190903 14:07:51 bloom_util:34] [https://v.qq.com/x/page/j09213c3qhq.html] is already in bloom.
[I 190903 14:07:51 bloom_util:34] [https://v.qq.com/x/page/j0921qrgamo.html] is already in bloom.
[I 190903 14:07:51 bloom_util:34] [https://v.qq.com/x/page/t092175wr4q.html] is already in bloom.
[I 190903 14:07:51 bloom_util:34] [https://v.qq.com/x/page/p0921doqs2z.html] is already in bloom.
[I 190903 14:07:51 bloom_util:34] [https://v.qq.com/x/page/q0921g6yrhp.html] is already in bloom.
[I 190903 14:07:51 bloom_util:34] [https://v.qq.com/x/page/y0921yiibg6.html] is already in bloom.
[I 190903 14:07:51 bloom_util:34] [https://v.qq.com/x/page/d0921523irp.html] is already in bloom.
[I 190903 14:07:51 bloom_util:34] [https://v.qq.com/x/page/x09218n8qtg.html] is already in bloom.
[I 190903 14:07:51 bloom_util:34] [https://v.qq.com/x/page/v0921f6tk2m.html] is already in bloom.
[I 190903 14:07:51 bloom_util:34] [https://v.qq.com/x/page/b0921wcnsel.html] is already in bloom.
[I 190903 14:07:51 bloom_util:34] [https://v.qq.com/x/page/c0921755uz4.html] is already in bloom.
[I 190903 14:07:51 bloom_util:34] [https://v.qq.com/x/page/i0921vanw19.html] is already in bloom.
[I 190903 14:07:51 bloom_util:34] [https://v.qq.com/x/page/b092168rioc.html] is already in bloom.
[I 190903 14:07:51 bloom_util:34] [https://v.qq.com/x/page/v0889ia9img.html] is already in bloom.
[I 190903 14:07:51 bloom_util:34] [https://v.qq.com/x/page/x0881yjbbtu.html] is already in bloom.
[I 190903 14:07:51 bloom_util:34] [https://v.qq.com/x/page/p0880mrhu7j.html] is already in bloom.
[I 190903 14:07:51 bloom_util:34] [https://v.qq.com/x/page/w088237y54w.html] is already in bloom.
[I 190903 14:07:51 bloom_util:34] [https://v.qq.com/x/page/x0878y22474.html] is already in bloom.
[I 190903 14:07:51 bloom_util:34] [https://v.qq.com/x/page/v0877abwh91.html] is already in bloom.
[I 190903 14:07:51 bloom_util:34] [https://v.qq.com/x/page/v0876j11mle.html] is already in bloom.
[I 190903 14:07:51 bloom_util:34] [https://v.qq.com/x/page/s0874mku6z9.html] is already in bloom.
[I 190903 14:07:51 bloom_util:34] [https://v.qq.com/x/page/q088620srmt.html] is already in bloom.
[I 190903 14:07:51 bloom_util:34] [https://v.qq.com/x/page/p0871j47e70.html] is already in bloom.
[I 190903 14:07:51 bloom_util:34] [https://v.qq.com/x/page/i0880l8vn5o.html] is already in bloom.
[I 190903 14:07:51 bloom_util:34] [https://v.qq.com/x/page/b0873qaxuqx.html] is already in bloom.
[I 190903 14:07:51 bloom_util:34] [https://v.qq.com/x/page/q0893dt3tf7.html] is already in bloom.
[I 190903 14:07:51 bloom_util:34] [https://v.qq.com/x/page/p0882wtmi3x.html] is already in bloom.
[I 190903 14:07:51 bloom_util:34] [https://v.qq.com/x/page/f08856pl8rp.html] is already in bloom.
[I 190903 14:07:51 bloom_util:34] [https://v.qq.com/x/page/g0894k2wtdy.html] is already in bloom.
[I 190903 14:07:54 bloom_util:34] [https://v.qq.com/x/page/y092223tyac.html] is already in bloom.
[I 190903 14:07:54 bloom_util:34] [https://v.qq.com/x/page/r0922dp6jg0.html] is already in bloom.
[I 190903 14:07:54 bloom_util:34] [https://v.qq.com/x/page/u0921shktv3.html] is already in bloom.
[I 190903 14:07:54 bloom_util:34] [https://v.qq.com/x/page/p0921xzv9q1.html] is already in bloom.
[I 190903 14:07:54 bloom_util:34] [https://v.qq.com/x/page/b0921xz2ng2.html] is already in bloom.
[I 190903 14:07:54 bloom_util:34] [https://v.qq.com/x/page/i0921ulx4pl.html] is already in bloom.
[I 190903 14:07:54 bloom_util:34] [https://v.qq.com/x/page/y0920i2oa3u.html] is already in bloom.
[I 190903 14:07:54 bloom_util:34] [https://v.qq.com/x/page/d0920y0up89.html] is already in bloom.
[I 190903 14:07:54 bloom_util:34] [https://v.qq.com/x/page/r0920ataym1.html] is already in bloom.
[I 190903 14:07:54 bloom_util:34] [https://v.qq.com/x/page/f0920c5f414.html] is already in bloom.
[I 190903 14:07:54 bloom_util:34] [https://v.qq.com/x/page/a0920p47ly4.html] is already in bloom.
[I 190903 14:07:54 bloom_util:34] [https://v.qq.com/x/page/h0920otxyjh.html] is already in bloom.
[I 190903 14:07:54 bloom_util:34] [https://v.qq.com/x/page/o0920monlsv.html] is already in bloom.
[I 190903 14:07:54 bloom_util:34] [https://v.qq.com/x/page/d0920a2jndb.html] is already in bloom.
[I 190903 14:07:54 bloom_util:34] [https://v.qq.com/x/page/l0920ef941w.html] is already in bloom.
[I 190903 14:07:54 bloom_util:34] [https://v.qq.com/x/page/s0920h56o14.html] is already in bloom.
[I 190903 14:07:54 bloom_util:34] [https://v.qq.com/x/page/h09194vkun8.html] is already in bloom.
[I 190903 14:07:54 bloom_util:34] [https://v.qq.com/x/page/i0919t7xske.html] is already in bloom.
[I 190903 14:07:54 bloom_util:34] [https://v.qq.com/x/page/p09192skl6q.html] is already in bloom.
[I 190903 14:07:54 bloom_util:34] [https://v.qq.com/x/page/k0919g5844e.html] is already in bloom.
[I 190903 14:07:54 bloom_util:34] [https://v.qq.com/x/page/z0629u3blg9.html] is already in bloom.
[I 190903 14:07:54 bloom_util:34] [https://v.qq.com/x/page/n0629mdb6hh.html] is already in bloom.
[I 190903 14:07:54 bloom_util:34] [https://v.qq.com/x/page/x06308ih516.html] is already in bloom.
[I 190903 14:07:54 bloom_util:34] [https://v.qq.com/x/page/b0631b7oecl.html] is already in bloom.
[I 190903 14:07:54 bloom_util:34] [https://v.qq.com/x/page/v0632i1sis1.html] is already in bloom.
[I 190903 14:07:54 bloom_util:34] [https://v.qq.com/x/page/m0633khm6ci.html] is already in bloom.
[I 190903 14:07:54 bloom_util:34] [https://v.qq.com/x/page/u0638j5lthu.html] is already in bloom.
[I 190903 14:07:54 bloom_util:34] [https://v.qq.com/x/page/i0638wh3nfk.html] is already in bloom.
[I 190903 14:07:54 bloom_util:34] [https://v.qq.com/x/page/n06383793ib.html] is already in bloom.
[I 190903 14:07:54 bloom_util:34] [https://v.qq.com/x/page/n06383793ib.html] is already in bloom.
[I 190903 14:07:54 bloom_util:34] [https://v.qq.com/x/page/w0638qylyo5.html] is already in bloom.
[I 190903 14:07:54 bloom_util:34] [https://v.qq.com/x/page/v0638ryw8mm.html] is already in bloom.
[I 190903 14:07:54 bloom_util:34] [https://v.qq.com/x/page/j0639ttqkbj.html] is already in bloom.
[I 190903 14:07:54 bloom_util:34] [https://v.qq.com/x/page/c0639nphp1v.html] is already in bloom.
[I 190903 14:07:54 bloom_util:34] [https://v.qq.com/x/page/c0639nphp1v.html] is already in bloom.
[I 190903 14:07:54 bloom_util:34] [https://v.qq.com/x/page/d0639we3874.html] is already in bloom.
[I 190903 14:07:54 bloom_util:34] [https://v.qq.com/x/page/d0639we3874.html] is already in bloom.
[I 190903 14:07:54 bloom_util:34] [https://v.qq.com/x/page/h064088bjxz.html] is already in bloom.
[I 190903 14:07:54 bloom_util:34] [https://v.qq.com/x/page/o06409l80e2.html] is already in bloom.
[I 190903 14:07:54 bloom_util:34] [https://v.qq.com/x/page/g06405gyhgl.html] is already in bloom.
[I 190903 14:07:57 bloom_util:34] [https://v.qq.com/x/page/n0921uzr2rw.html] is already in bloom.
[I 190903 14:07:57 bloom_util:34] [https://v.qq.com/x/page/j092152c7w3.html] is already in bloom.
[I 190903 14:07:57 bloom_util:34] [https://v.qq.com/x/page/d0921vlw7yi.html] is already in bloom.
[I 190903 14:07:57 bloom_util:34] [https://v.qq.com/x/page/n09205iwatb.html] is already in bloom.
[I 190903 14:07:57 bloom_util:34] [https://v.qq.com/x/page/z092042sp14.html] is already in bloom.
[I 190903 14:07:57 bloom_util:34] [https://v.qq.com/x/page/u0918h935e1.html] is already in bloom.
[I 190903 14:07:57 bloom_util:34] [https://v.qq.com/x/page/q0918uoxz59.html] is already in bloom.
[I 190903 14:07:57 bloom_util:34] [https://v.qq.com/x/page/c0918p4vhk9.html] is already in bloom.
[I 190903 14:07:57 bloom_util:34] [https://v.qq.com/x/page/d0917jg4h6c.html] is already in bloom.
[I 190903 14:07:57 bloom_util:34] [https://v.qq.com/x/page/h09172feb2b.html] is already in bloom.
[I 190903 14:07:57 bloom_util:34] [https://v.qq.com/x/page/c0917e2k9d5.html] is already in bloom.
[I 190903 14:07:57 bloom_util:34] [https://v.qq.com/x/page/d09171z650g.html] is already in bloom.
[I 190903 14:07:57 bloom_util:34] [https://v.qq.com/x/page/r09175r8943.html] is already in bloom.
[I 190903 14:07:57 bloom_util:34] [https://v.qq.com/x/page/f0917ccp8a8.html] is already in bloom.
[I 190903 14:07:57 bloom_util:34] [https://v.qq.com/x/page/w0917fab6di.html] is already in bloom.
[I 190903 14:07:57 bloom_util:34] [https://v.qq.com/x/page/d0917ttynbo.html] is already in bloom.
[I 190903 14:07:57 bloom_util:34] [https://v.qq.com/x/page/v09174d2l4o.html] is already in bloom.
[I 190903 14:07:57 bloom_util:34] [https://v.qq.com/x/page/p0917mvopg8.html] is already in bloom.
[I 190903 14:07:57 bloom_util:34] [https://v.qq.com/x/page/y0916rcg7fz.html] is already in bloom.
[I 190903 14:07:57 bloom_util:34] [https://v.qq.com/x/page/i0916j22upk.html] is already in bloom.
[I 190903 14:07:57 bloom_util:34] [https://v.qq.com/x/page/c0698mppb75.html] is already in bloom.
[I 190903 14:07:57 bloom_util:34] [https://v.qq.com/x/page/s0698qw6hvb.html] is already in bloom.
[I 190903 14:07:57 bloom_util:34] [https://v.qq.com/x/page/q0699pwvg21.html] is already in bloom.
[I 190903 14:07:57 bloom_util:34] [https://v.qq.com/x/page/y06997eqcjw.html] is already in bloom.
[I 190903 14:07:57 bloom_util:34] [https://v.qq.com/x/page/q0701tjbnxj.html] is already in bloom.
[I 190903 14:07:57 bloom_util:34] [https://v.qq.com/x/page/y0701sw2wq9.html] is already in bloom.
[I 190903 14:07:57 bloom_util:34] [https://v.qq.com/x/page/e0701xrzlqb.html] is already in bloom.
[I 190903 14:07:57 bloom_util:34] [https://v.qq.com/x/page/o0702ao6de3.html] is already in bloom.
[I 190903 14:07:57 bloom_util:34] [https://v.qq.com/x/page/o0702ao6de3.html] is already in bloom.
[I 190903 14:07:57 bloom_util:34] [https://v.qq.com/x/page/x0702qfhu6v.html] is already in bloom.
[I 190903 14:07:57 bloom_util:34] [https://v.qq.com/x/page/x0702qfhu6v.html] is already in bloom.
[I 190903 14:07:57 bloom_util:34] [https://v.qq.com/x/page/l0702hayd30.html] is already in bloom.
[I 190903 14:07:57 bloom_util:34] [https://v.qq.com/x/page/l0702hayd30.html] is already in bloom.
[I 190903 14:07:57 bloom_util:34] [https://v.qq.com/x/page/q070864xg34.html] is already in bloom.
[I 190903 14:07:57 bloom_util:34] [https://v.qq.com/x/page/i07091d1xfv.html] is already in bloom.
[I 190903 14:07:57 bloom_util:34] [https://v.qq.com/x/page/v0710pkcyiq.html] is already in bloom.
[I 190903 14:07:57 bloom_util:34] [https://v.qq.com/x/page/k0710887zr7.html] is already in bloom.
[I 190903 14:07:57 bloom_util:34] [https://v.qq.com/x/page/l07108p819l.html] is already in bloom.
[I 190903 14:07:57 bloom_util:34] [https://v.qq.com/x/page/k0711hbgwne.html] is already in bloom.
[I 190903 14:07:57 bloom_util:34] [https://v.qq.com/x/page/r0711la7r29.html] is already in bloom.
[I 190903 14:08:00 bloom_util:34] [https://v.qq.com/x/page/e0920dxxcqy.html] is already in bloom.
[I 190903 14:08:00 bloom_util:34] [https://v.qq.com/x/page/l09203clkci.html] is already in bloom.
[I 190903 14:08:00 bloom_util:34] [https://v.qq.com/x/page/w0920fftlsz.html] is already in bloom.
[I 190903 14:08:00 bloom_util:34] [https://v.qq.com/x/page/h0920tbcof2.html] is already in bloom.
[I 190903 14:08:00 bloom_util:34] [https://v.qq.com/x/page/c0919wcig3k.html] is already in bloom.
[I 190903 14:08:00 bloom_util:34] [https://v.qq.com/x/page/y0919lrbuwr.html] is already in bloom.
[I 190903 14:08:00 bloom_util:34] [https://v.qq.com/x/page/l091935luv9.html] is already in bloom.
[I 190903 14:08:00 bloom_util:34] [https://v.qq.com/x/page/w09199p1hqu.html] is already in bloom.
[I 190903 14:08:00 bloom_util:34] [https://v.qq.com/x/page/k0919815j7m.html] is already in bloom.
[I 190903 14:08:00 bloom_util:34] [https://v.qq.com/x/page/s0918zvui58.html] is already in bloom.
[I 190903 14:08:00 bloom_util:34] [https://v.qq.com/x/page/x09180cgtfv.html] is already in bloom.
[I 190903 14:08:00 bloom_util:34] [https://v.qq.com/x/page/e091882yec8.html] is already in bloom.
[I 190903 14:08:00 bloom_util:34] [https://v.qq.com/x/page/r0918tk7e8u.html] is already in bloom.
[I 190903 14:08:00 bloom_util:34] [https://v.qq.com/x/page/a0917owraeh.html] is already in bloom.
[I 190903 14:08:00 bloom_util:34] [https://v.qq.com/x/page/c0917z5yb7i.html] is already in bloom.
[I 190903 14:08:00 bloom_util:34] [https://v.qq.com/x/page/p0917ugbbs1.html] is already in bloom.
[I 190903 14:08:00 bloom_util:34] [https://v.qq.com/x/page/x0917oi5b3t.html] is already in bloom.
[I 190903 14:08:00 bloom_util:34] [https://v.qq.com/x/page/f09170wczak.html] is already in bloom.
[I 190903 14:08:00 bloom_util:34] [https://v.qq.com/x/page/f0915xewa42.html] is already in bloom.
[I 190903 14:08:00 bloom_util:34] [https://v.qq.com/x/page/d0915yaos4e.html] is already in bloom.
[I 190903 14:08:00 bloom_util:34] [https://v.qq.com/x/page/x0860zo8u0r.html] is already in bloom.
[I 190903 14:08:00 bloom_util:34] [https://v.qq.com/x/page/z0860cbpv1x.html] is already in bloom.
[I 190903 14:08:00 bloom_util:34] [https://v.qq.com/x/page/o08603vq92v.html] is already in bloom.
[I 190903 14:08:00 bloom_util:34] [https://v.qq.com/x/page/d0860v0e5cn.html] is already in bloom.
[I 190903 14:08:00 bloom_util:34] [https://v.qq.com/x/page/v0869t9gkzr.html] is already in bloom.
[I 190903 14:08:00 bloom_util:34] [https://v.qq.com/x/page/t0869wysltn.html] is already in bloom.
[I 190903 14:08:00 bloom_util:34] [https://v.qq.com/x/page/b0869fj9227.html] is already in bloom.
[I 190903 14:08:00 bloom_util:34] [https://v.qq.com/x/page/r0869uxr0im.html] is already in bloom.
[I 190903 14:08:00 bloom_util:34] [https://v.qq.com/x/page/z0869dceu76.html] is already in bloom.
[I 190903 14:08:00 bloom_util:34] [https://v.qq.com/x/page/t086971339v.html] is already in bloom.
[I 190903 14:08:00 bloom_util:34] [https://v.qq.com/x/page/o0869lc5mvu.html] is already in bloom.
[I 190903 14:08:00 bloom_util:34] [https://v.qq.com/x/page/i08694v6flu.html] is already in bloom.
[I 190903 14:08:00 bloom_util:34] [https://v.qq.com/x/page/w0869ffb9qa.html] is already in bloom.
[I 190903 14:08:00 bloom_util:34] [https://v.qq.com/x/page/c0869dog939.html] is already in bloom.
[I 190903 14:08:00 bloom_util:34] [https://v.qq.com/x/page/w0869xgmyvr.html] is already in bloom.
[I 190903 14:08:00 bloom_util:34] [https://v.qq.com/x/page/j0870137s1w.html] is already in bloom.
[I 190903 14:08:00 bloom_util:34] [https://v.qq.com/x/page/z0870rkfgq2.html] is already in bloom.
[I 190903 14:08:00 bloom_util:34] [https://v.qq.com/x/page/o0870sg13ba.html] is already in bloom.
[I 190903 14:08:00 bloom_util:34] [https://v.qq.com/x/page/z08702nzvzf.html] is already in bloom.
[I 190903 14:08:00 bloom_util:34] [https://v.qq.com/x/page/p0870hqhj79.html] is already in bloom.
[I 190903 14:08:03 bloom_util:34] [https://v.qq.com/x/page/d0921lb8cpj.html] is already in bloom.
[I 190903 14:08:03 bloom_util:34] [https://v.qq.com/x/page/j0921ycvp11.html] is already in bloom.
[I 190903 14:08:03 bloom_util:34] [https://v.qq.com/x/page/r0921cnudf4.html] is already in bloom.
[I 190903 14:08:03 bloom_util:34] [https://v.qq.com/x/page/m0921zr156e.html] is already in bloom.
[I 190903 14:08:03 bloom_util:34] [https://v.qq.com/x/page/n0921h1nl60.html] is already in bloom.
[I 190903 14:08:03 bloom_util:34] [https://v.qq.com/x/page/j0921t3naz1.html] is already in bloom.
[I 190903 14:08:03 bloom_util:34] [https://v.qq.com/x/page/e0921ts851u.html] is already in bloom.
[I 190903 14:08:03 bloom_util:34] [https://v.qq.com/x/page/s0921ls2zu1.html] is already in bloom.
[I 190903 14:08:03 bloom_util:34] [https://v.qq.com/x/page/p09218txe0q.html] is already in bloom.
[I 190903 14:08:03 bloom_util:34] [https://v.qq.com/x/page/m0921conr7s.html] is already in bloom.
[I 190903 14:08:03 bloom_util:34] [https://v.qq.com/x/page/o0920x93nya.html] is already in bloom.
[I 190903 14:08:03 bloom_util:34] [https://v.qq.com/x/page/l0920p05grn.html] is already in bloom.
[I 190903 14:08:03 bloom_util:34] [https://v.qq.com/x/page/u0920alc93i.html] is already in bloom.
[I 190903 14:08:03 bloom_util:34] [https://v.qq.com/x/page/m0920izem33.html] is already in bloom.
[I 190903 14:08:03 bloom_util:34] [https://v.qq.com/x/page/x0919ktkwid.html] is already in bloom.
[I 190903 14:08:03 bloom_util:34] [https://v.qq.com/x/page/z09191v6y03.html] is already in bloom.
[I 190903 14:08:03 bloom_util:34] [https://v.qq.com/x/page/p0919jmr68d.html] is already in bloom.
[I 190903 14:08:03 bloom_util:34] [https://v.qq.com/x/page/e0919b4imug.html] is already in bloom.
[I 190903 14:08:03 bloom_util:34] [https://v.qq.com/x/page/q091932594i.html] is already in bloom.
[I 190903 14:08:03 bloom_util:34] [https://v.qq.com/x/page/z0918ud9gdm.html] is already in bloom.
[I 190903 14:08:03 bloom_util:34] [https://v.qq.com/x/page/v0835uufaqt.html] is already in bloom.
[I 190903 14:08:03 bloom_util:34] [https://v.qq.com/x/page/a0835gkkrrd.html] is already in bloom.
[I 190903 14:08:03 bloom_util:34] [https://v.qq.com/x/page/c0835zc91t3.html] is already in bloom.
[I 190903 14:08:03 bloom_util:34] [https://v.qq.com/x/page/x0835nehakl.html] is already in bloom.
[I 190903 14:08:03 bloom_util:34] [https://v.qq.com/x/page/z0836xjkbp0.html] is already in bloom.
[I 190903 14:08:03 bloom_util:34] [https://v.qq.com/x/page/q08367mgdff.html] is already in bloom.
[I 190903 14:08:03 bloom_util:34] [https://v.qq.com/x/page/o0836nmwqgt.html] is already in bloom.
[I 190903 14:08:03 bloom_util:34] [https://v.qq.com/x/page/n0836sk9gls.html] is already in bloom.
[I 190903 14:08:03 bloom_util:34] [https://v.qq.com/x/page/u08364t4ngv.html] is already in bloom.
[I 190903 14:08:03 bloom_util:34] [https://v.qq.com/x/page/v0836iucnoy.html] is already in bloom.
[I 190903 14:08:03 bloom_util:34] [https://v.qq.com/x/page/h083748w4q3.html] is already in bloom.
[I 190903 14:08:03 bloom_util:34] [https://v.qq.com/x/page/u0837btri4k.html] is already in bloom.
[I 190903 14:08:03 bloom_util:34] [https://v.qq.com/x/page/b0838txw94k.html] is already in bloom.
[I 190903 14:08:03 bloom_util:34] [https://v.qq.com/x/page/c0838auycgi.html] is already in bloom.
[I 190903 14:08:03 bloom_util:34] [https://v.qq.com/x/page/f0838ptge00.html] is already in bloom.
[I 190903 14:08:03 bloom_util:34] [https://v.qq.com/x/page/r0839qgnx8t.html] is already in bloom.
[I 190903 14:08:03 bloom_util:34] [https://v.qq.com/x/page/v0839sfzl2u.html] is already in bloom.
[I 190903 14:08:03 bloom_util:34] [https://v.qq.com/x/page/o0840aisryy.html] is already in bloom.
[I 190903 14:08:03 bloom_util:34] [https://v.qq.com/x/page/i0840qs8qxg.html] is already in bloom.
[I 190903 14:08:03 bloom_util:34] [https://v.qq.com/x/page/i0840woowah.html] is already in bloom.
[I 190903 14:08:08 bloom_util:34] [https://v.qq.com/x/page/q0920l04jsx.html] is already in bloom.
[I 190903 14:08:08 bloom_util:34] [https://v.qq.com/x/page/c0920n7r46d.html] is already in bloom.
[I 190903 14:08:08 bloom_util:34] [https://v.qq.com/x/page/z0920kzkxjy.html] is already in bloom.
[I 190903 14:08:08 bloom_util:34] [https://v.qq.com/x/page/v0920866bhk.html] is already in bloom.
[I 190903 14:08:08 bloom_util:34] [https://v.qq.com/x/page/y0920ztfkog.html] is already in bloom.
[I 190903 14:08:08 bloom_util:34] [https://v.qq.com/x/page/z09204xrwq9.html] is already in bloom.
[I 190903 14:08:08 bloom_util:34] [https://v.qq.com/x/page/r0920rpb769.html] is already in bloom.
[I 190903 14:08:08 bloom_util:34] [https://v.qq.com/x/page/g0919hsrhy0.html] is already in bloom.
[I 190903 14:08:08 bloom_util:34] [https://v.qq.com/x/page/i0917tdq417.html] is already in bloom.
[I 190903 14:08:08 bloom_util:34] [https://v.qq.com/x/page/u09176io9t7.html] is already in bloom.
[I 190903 14:08:08 bloom_util:34] [https://v.qq.com/x/page/a0917rn7eyh.html] is already in bloom.
[I 190903 14:08:08 bloom_util:34] [https://v.qq.com/x/page/i0917wuzqkb.html] is already in bloom.
[I 190903 14:08:08 bloom_util:34] [https://v.qq.com/x/page/e0917820qwu.html] is already in bloom.
[I 190903 14:08:08 bloom_util:34] [https://v.qq.com/x/page/o09174ini0a.html] is already in bloom.
[I 190903 14:08:08 bloom_util:34] [https://v.qq.com/x/page/x0917ga55y0.html] is already in bloom.
[I 190903 14:08:08 bloom_util:34] [https://v.qq.com/x/page/x09176dmde1.html] is already in bloom.
[I 190903 14:08:08 bloom_util:34] [https://v.qq.com/x/page/a0917lh9wm7.html] is already in bloom.
[I 190903 14:08:08 bloom_util:34] [https://v.qq.com/x/page/x0917akal2v.html] is already in bloom.
[I 190903 14:08:08 bloom_util:34] [https://v.qq.com/x/page/t0916ilcdxc.html] is already in bloom.
[I 190903 14:08:08 bloom_util:34] [https://v.qq.com/x/page/j09168gpkso.html] is already in bloom.
[I 190903 14:08:11 bloom_util:34] [https://v.qq.com/x/page/a09222ufxe0.html] is already in bloom.
[I 190903 14:08:11 bloom_util:37] add [https://v.qq.com/x/page/c092160lb67.html]
[I 190903 14:08:51 bloom_util:34] [https://v.qq.com/x/page/f0921ocuk4i.html] is already in bloom.
[I 190903 14:08:51 bloom_util:34] [https://v.qq.com/x/page/h0921ry4q8f.html] is already in bloom.
[I 190903 14:08:51 bloom_util:34] [https://v.qq.com/x/page/p0921mf4oxz.html] is already in bloom.
[I 190903 14:08:51 bloom_util:34] [https://v.qq.com/x/page/x09217dg8yv.html] is already in bloom.
[I 190903 14:08:51 bloom_util:34] [https://v.qq.com/x/page/m0921z7oy49.html] is already in bloom.
[I 190903 14:08:51 bloom_util:34] [https://v.qq.com/x/page/t0920qth5qu.html] is already in bloom.
[I 190903 14:08:51 bloom_util:34] [https://v.qq.com/x/page/t0920tm2jvo.html] is already in bloom.
[I 190903 14:08:51 bloom_util:34] [https://v.qq.com/x/page/f0920m9lsgq.html] is already in bloom.
[I 190903 14:08:51 bloom_util:34] [https://v.qq.com/x/page/k0920mekr86.html] is already in bloom.
[I 190903 14:08:51 bloom_util:34] [https://v.qq.com/x/page/p092024tlqv.html] is already in bloom.
[I 190903 14:08:51 bloom_util:34] [https://v.qq.com/x/page/m0920iftk7x.html] is already in bloom.
[I 190903 14:08:51 bloom_util:34] [https://v.qq.com/x/page/d0920c39d3y.html] is already in bloom.
[I 190903 14:08:51 bloom_util:34] [https://v.qq.com/x/page/o0920qco2wr.html] is already in bloom.
[I 190903 14:08:51 bloom_util:34] [https://v.qq.com/x/page/i0920llyf62.html] is already in bloom.
[I 190903 14:08:51 bloom_util:34] [https://v.qq.com/x/page/g0920tss8sx.html] is already in bloom.
[I 190903 14:08:51 bloom_util:34] [https://v.qq.com/x/page/t09205l5eyf.html] is already in bloom.
[I 190903 14:08:51 bloom_util:34] [https://v.qq.com/x/page/o0918sbti09.html] is already in bloom.
[I 190903 14:08:51 bloom_util:34] [https://v.qq.com/x/page/g09189wbftx.html] is already in bloom.
[I 190903 14:08:51 bloom_util:34] [https://v.qq.com/x/page/r06244kmaf6.html] is already in bloom.
[I 190903 14:08:51 bloom_util:34] [https://v.qq.com/x/page/m06249hfgmz.html] is already in bloom.
[I 190903 14:08:51 bloom_util:34] [https://v.qq.com/x/page/t0624ardn6j.html] is already in bloom.
[I 190903 14:08:51 bloom_util:34] [https://v.qq.com/x/page/t0624d744iw.html] is already in bloom.
[I 190903 14:08:51 bloom_util:34] [https://v.qq.com/x/page/x06278znhlv.html] is already in bloom.
[I 190903 14:08:51 bloom_util:34] [https://v.qq.com/x/page/x06278znhlv.html] is already in bloom.
[I 190903 14:08:51 bloom_util:34] [https://v.qq.com/x/page/p0628p6zuvn.html] is already in bloom.
[I 190903 14:08:51 bloom_util:34] [https://v.qq.com/x/page/y06289pplbp.html] is already in bloom.
[I 190903 14:08:51 bloom_util:34] [https://v.qq.com/x/page/j06288r0rqg.html] is already in bloom.
[I 190903 14:08:51 bloom_util:34] [https://v.qq.com/x/page/l0628640sfl.html] is already in bloom.
[I 190903 14:08:51 bloom_util:34] [https://v.qq.com/x/page/y0628flvogz.html] is already in bloom.
[I 190903 14:08:51 bloom_util:34] [https://v.qq.com/x/page/j063396nxbr.html] is already in bloom.
[I 190903 14:08:51 bloom_util:34] [https://v.qq.com/x/page/a06339b6jou.html] is already in bloom.
[I 190903 14:08:52 bloom_util:37] add [https://v.qq.com/x/page/x0922pfbfpb.html]
[I 190903 14:10:20 bloom_util:37] add [https://v.qq.com/x/page/s0922wmwewl.html]
[I 190903 14:12:50 bloom_util:37] add [https://v.qq.com/x/page/e0922eqeufl.html]
[I 190903 14:15:38 bloom_util:37] add [https://v.qq.com/x/page/l09222hjs8p.html]
[I 190903 14:16:07 bloom_util:37] add [https://v.qq.com/x/page/a0922c7x9iy.html]
[I 190903 14:16:31 bloom_util:37] add [https://v.qq.com/x/page/h0922ytykle.html]
[I 190903 14:16:37 bloom_util:37] add [https://v.qq.com/x/page/i0922grshjq.html]
[I 190903 14:17:01 bloom_util:37] add [https://v.qq.com/x/page/q0922gs8jkr.html]
[I 190903 14:18:52 bloom_util:37] add [https://v.qq.com/x/page/q0922embfo7.html]
[I 190903 14:19:33 bloom_util:37] add [https://v.qq.com/x/page/x0922xat5qr.html]
[I 190903 14:21:45 bloom_util:37] add [https://v.qq.com/x/page/i0922q3nqi3.html]
[I 190903 14:23:02 bloom_util:37] add [https://v.qq.com/x/page/q092278zu4q.html]
[I 190903 14:23:19 bloom_util:37] add [https://v.qq.com/x/page/a0922exk2o7.html]
[I 190903 14:23:52 bloom_util:37] add [https://v.qq.com/x/page/e09226hspn9.html]
