[I 190619 12:11:50 bloom_util:28] add [http://www.statusvideos2019.com/2019/04/29/amazing-sliding-ever-you-can-watch-the-funny-of-this-video/]
[I 190619 12:11:51 bloom_util:28] add [http://www.statusvideos2019.com/2019/04/29/this-is-amzing-swimming-ever-see-this-man-here-%f0%9f%94%a5%f0%9f%98%82/]
[I 190619 12:11:52 bloom_util:28] add [http://www.statusvideos2019.com/2019/04/27/nice-funny-video-ever-you-can-watch-it-now/]
[I 190619 12:11:53 bloom_util:28] add [http://www.statusvideos2019.com/2019/04/27/i-think-you-have-talented-child-like-this-watch-it-so-funny-%f0%9f%98%82%f0%9f%98%82/]
[I 190619 12:11:54 bloom_util:28] add [http://www.statusvideos2019.com/2019/04/18/what-is-this-cat-looking-for-%f0%9f%99%8c%f0%9f%99%8c%f0%9f%98%b3/]
[I 190619 12:11:57 bloom_util:28] add [http://www.statusvideos2019.com/2019/04/18/cant-laugh-alone%f0%9f%98%82%f0%9f%98%82%f0%9f%98%82watch-and-share-it/]
[I 190619 12:11:58 bloom_util:28] add [http://www.statusvideos2019.com/2019/04/18/funny-and-amazing-one-video/]
[I 190619 12:11:59 bloom_util:28] add [http://www.statusvideos2019.com/2019/04/18/this-is-the-way-what-you-doing-when-you-touch-cold-water-to-wash-your-body/]
[I 190619 12:13:57 bloom_util:28] add [http://www.statusvideos2019.com/2019/04/29/amazing-sliding-ever-you-can-watch-the-funny-of-this-video/]
[I 190619 12:13:58 bloom_util:28] add [http://www.statusvideos2019.com/2019/04/29/this-is-amzing-swimming-ever-see-this-man-here-%f0%9f%94%a5%f0%9f%98%82/]
[I 190619 12:14:00 bloom_util:28] add [http://www.statusvideos2019.com/2019/04/27/nice-funny-video-ever-you-can-watch-it-now/]
[I 190619 12:14:01 bloom_util:28] add [http://www.statusvideos2019.com/2019/04/27/i-think-you-have-talented-child-like-this-watch-it-so-funny-%f0%9f%98%82%f0%9f%98%82/]
[I 190619 12:14:02 bloom_util:28] add [http://www.statusvideos2019.com/2019/04/18/what-is-this-cat-looking-for-%f0%9f%99%8c%f0%9f%99%8c%f0%9f%98%b3/]
[I 190619 12:14:05 bloom_util:28] add [http://www.statusvideos2019.com/2019/04/18/cant-laugh-alone%f0%9f%98%82%f0%9f%98%82%f0%9f%98%82watch-and-share-it/]
[I 190619 12:14:06 bloom_util:28] add [http://www.statusvideos2019.com/2019/04/18/funny-and-amazing-one-video/]
[I 190619 12:14:07 bloom_util:28] add [http://www.statusvideos2019.com/2019/04/18/this-is-the-way-what-you-doing-when-you-touch-cold-water-to-wash-your-body/]
[I 190619 12:14:08 bloom_util:28] add [http://www.statusvideos2019.com/2019/04/16/this-is-simple-way-to-perform-this-test-or-you-fall-it/]
[I 190619 12:14:09 bloom_util:28] add [http://www.statusvideos2019.com/2019/04/16/see-how-teacher-teach-his-student-infront-of-the-class/]
[I 190619 12:14:12 bloom_util:28] add [http://www.statusvideos2019.com/2019/04/16/this-is-amazing-one-video-ever/]
[I 190619 12:14:13 bloom_util:28] add [http://www.statusvideos2019.com/2019/04/10/%f0%9f%98%8d%f0%9f%98%8drate-her-dance-moves-from-1-10%f0%9f%98%8d%f0%9f%94%a5%f0%9f%94%a5/]
[I 190619 12:14:14 bloom_util:28] add [http://www.statusvideos2019.com/2019/04/01/%f0%9f%8c%ba%f0%9f%8c%b8you-need-to-cut-all-these-from-your-life%f0%9f%98%9f%f0%9f%98%a7/]
[I 190619 12:14:15 bloom_util:28] add [http://www.statusvideos2019.com/2019/03/31/this-is-beautiful%f0%9f%98%8d%f0%9f%92%95-guys-can-you-dance-like-this/]
[I 190619 12:14:16 bloom_util:28] add [http://www.statusvideos2019.com/2019/03/29/most-awesome-underground-house-and-swimming-pool%f0%9f%94%a5%f0%9f%94%a5-2/]
[I 190619 12:14:19 bloom_util:28] add [http://www.statusvideos2019.com/2019/03/29/would-you-accept-this-punishment-to-marry-their-daughter/]
[I 190619 12:14:20 bloom_util:28] add [http://www.statusvideos2019.com/2019/03/28/most-awesome-underground-house-and-swimming-pool%f0%9f%94%a5%f0%9f%94%a5/]
[I 190619 12:14:21 bloom_util:28] add [http://www.statusvideos2019.com/2019/03/28/this-is-beautiful-%e2%9d%a4%ef%b8%8f-i-smile-everytime-i-watch-this-video%f0%9f%98%82%f0%9f%98%82-2/]
[I 190619 12:14:22 bloom_util:28] add [http://www.statusvideos2019.com/2019/03/28/this-is-beautiful-%e2%9d%a4%ef%b8%8fevery-time-i-watch-this-it-make-my-hear-smile/]
[I 190619 12:14:23 bloom_util:28] add [http://www.statusvideos2019.com/2019/03/26/whos-this-thick-lady-video-going-viral-on-social-media/]
[I 190619 12:14:26 bloom_util:28] add [http://www.statusvideos2019.com/2019/03/25/this-is-beautiful-%e2%9d%a4%ef%b8%8f-i-smile-everytime-i-watch-this-video%f0%9f%98%82%f0%9f%98%82/]
[I 190619 12:14:27 bloom_util:28] add [http://www.statusvideos2019.com/2019/03/24/i-cant-stop-watching-this%f0%9f%a4%a3%f0%9f%a4%a3/]
[I 190619 12:14:28 bloom_util:28] add [http://www.statusvideos2019.com/2019/03/24/this-is-how-i-count-my-blessing-everyday%f0%9f%98%82-new-challenge/]
[I 190619 12:16:23 bloom_util:28] add [http://www.statusvideos2019.com/wp-content/uploads/2019/04/56052678_710005359397462_5572419899885617152_n-1.mp4]
[I 190619 12:16:34 bloom_util:28] add [http://www.statusvideos2019.com/wp-content/uploads/2019/04/58739883_133808244448832_7560992999244646353_n.mp4]
[I 190619 12:16:37 bloom_util:28] add [http://www.statusvideos2019.com/wp-content/uploads/2019/04/58549427_1043051326084070_2738104125938264030_n.mp4]
[I 190619 12:16:41 bloom_util:28] add [http://www.statusvideos2019.com/wp-content/uploads/2019/04/59022171_839846173019185_3410871900438528000_n.mp4]
[I 190619 12:16:59 bloom_util:28] add [http://www.statusvideos2019.com/wp-content/uploads/2019/04/20772986_328011357642938_8602199987805224960_n.mp4]
[I 190619 12:17:05 bloom_util:28] add [http://www.statusvideos2019.com/wp-content/uploads/2019/04/56052678_710005359397462_5572419899885617152_n.mp4]
[I 190619 12:20:17 bloom_util:25] [http://www.statusvideos2019.com/wp-content/uploads/2019/04/56052678_710005359397462_5572419899885617152_n-1.mp4] is already in bloom.
[I 190619 12:20:17 bloom_util:25] [http://www.statusvideos2019.com/wp-content/uploads/2019/04/58739883_133808244448832_7560992999244646353_n.mp4] is already in bloom.
[I 190619 12:20:17 bloom_util:25] [http://www.statusvideos2019.com/wp-content/uploads/2019/04/58549427_1043051326084070_2738104125938264030_n.mp4] is already in bloom.
[I 190619 12:20:17 bloom_util:25] [http://www.statusvideos2019.com/wp-content/uploads/2019/04/59022171_839846173019185_3410871900438528000_n.mp4] is already in bloom.
[I 190619 12:20:17 bloom_util:25] [http://www.statusvideos2019.com/wp-content/uploads/2019/04/20772986_328011357642938_8602199987805224960_n.mp4] is already in bloom.
[I 190619 12:20:18 bloom_util:25] [http://www.statusvideos2019.com/wp-content/uploads/2019/04/56052678_710005359397462_5572419899885617152_n.mp4] is already in bloom.
[I 190619 12:20:18 bloom_util:28] add [http://www.statusvideos2019.com/wp-content/uploads/2019/04/56942270_170057873910397_4010850578583704431_n.mp4]
[I 190619 12:20:23 bloom_util:28] add [http://www.statusvideos2019.com/wp-content/uploads/2019/04/55511336_1280939155395237_3999540904007303168_n.mp4]
[I 190619 12:20:34 bloom_util:28] add [http://www.statusvideos2019.com/wp-content/uploads/2019/04/16233258_1021432601296523_7951812171048943616_n.mp4]
[I 190619 12:20:38 bloom_util:28] add [http://www.statusvideos2019.com/wp-content/uploads/2019/04/17354243_1146984748764313_4964059849949184000_n_2.mp4]
[I 190619 12:20:45 bloom_util:28] add [http://www.statusvideos2019.com/wp-content/uploads/2019/04/20034993_320406211746534_7105128345817317376_n.mp4]
[I 190619 12:20:54 bloom_util:28] add [http://www.statusvideos2019.com/wp-content/uploads/2019/04/e9.mp4]
[I 190619 12:21:11 bloom_util:28] add [http://www.statusvideos2019.com/wp-content/uploads/2019/04/e8a.jpg]
[I 190619 12:21:12 bloom_util:28] add [http://www.statusvideos2019.com/wp-content/uploads/2019/03/e6.mp4]
[I 190619 12:21:28 bloom_util:28] add [http://www.statusvideos2019.com/wp-content/uploads/2019/03/e4b.mp4]
[I 190619 12:21:45 bloom_util:28] add [http://www.statusvideos2019.com/wp-content/uploads/2019/03/e31.mp4]
[I 190619 12:21:55 bloom_util:28] add [http://www.statusvideos2019.com/wp-content/uploads/2019/03/e3.mp4]
[I 190619 12:22:18 bloom_util:28] add [http://www.statusvideos2019.com/wp-content/uploads/2019/03/de-1.mp4]
[I 190619 12:22:30 bloom_util:28] add [http://www.statusvideos2019.com/wp-content/uploads/2019/03/e1.mp4]
[I 190619 12:23:20 bloom_util:28] add [http://www.statusvideos2019.com/wp-content/uploads/2019/03/dei.mp4]
[I 190619 12:23:26 bloom_util:28] add [http://www.statusvideos2019.com/wp-content/uploads/2019/03/de.mp4]
[I 190619 12:23:45 bloom_util:28] add [http://www.statusvideos2019.com/wp-content/uploads/2019/03/da3.mp4]
[I 190619 12:24:50 bloom_util:28] add [http://www.statusvideos2019.com/wp-content/uploads/2019/03/da2.mp4]
[I 190619 12:24:58 bloom_util:28] add [http://www.statusvideos2019.com/wp-content/uploads/2019/03/d1a.mp4]
[I 190619 12:25:13 bloom_util:28] add [http://www.statusvideos2019.com/wp-content/uploads/2019/03/ae1.mp4]
[I 190619 12:25:32 bloom_util:28] add [http://www.statusvideos2019.com/wp-content/uploads/2019/03/cg4.mp4]
[I 190619 12:26:01 bloom_util:28] add [http://www.statusvideos2019.com/wp-content/uploads/2019/03/cv8a1.mp4]
[I 190619 12:26:10 bloom_util:28] add [http://www.statusvideos2019.com/wp-content/uploads/2019/03/c7va.mp4]
[I 190619 12:26:41 bloom_util:28] add [http://www.statusvideos2019.com/wp-content/uploads/2019/03/WhatsApp-Video-2019-03-18-at-17.51.57.mp4]
[I 190619 12:26:58 bloom_util:28] add [http://www.statusvideos2019.com/wp-content/uploads/2019/03/c7a.mp4]
[I 190619 12:27:11 bloom_util:28] add [http://www.statusvideos2019.com/wp-content/uploads/2019/03/cv6a.mp4]
[I 190619 12:27:14 bloom_util:28] add [http://www.statusvideos2019.com/wp-content/uploads/2019/03/cv6.mp4]
[I 190619 12:27:22 bloom_util:28] add [http://www.statusvideos2019.com/wp-content/uploads/2019/03/cva5.mp4]
[I 190619 12:27:31 bloom_util:28] add [http://www.statusvideos2019.com/wp-content/uploads/2019/03/cva4.mp4]
[I 190619 12:27:33 bloom_util:28] add [http://www.statusvideos2019.com/wp-content/uploads/2019/03/cva3.mp4]
[I 190619 12:27:55 bloom_util:28] add [http://www.statusvideos2019.com/wp-content/uploads/2019/03/cva2.mp4]
[I 190619 12:27:58 bloom_util:28] add [http://www.statusvideos2019.com/wp-content/uploads/2019/03/cva1.mp4]
[I 190619 12:28:09 bloom_util:28] add [http://www.statusvideos2019.com/wp-content/uploads/2019/03/cv1.mp4]
[I 190619 12:28:48 bloom_util:28] add [http://www.statusvideos2019.com/wp-content/uploads/2019/03/b8v.mp4]
[I 190619 12:28:58 bloom_util:28] add [http://www.statusvideos2019.com/wp-content/uploads/2019/03/b7v.mp4]
[I 190619 12:29:08 bloom_util:28] add [http://www.statusvideos2019.com/wp-content/uploads/2019/03/b6v.mp4]
[I 190619 12:29:28 bloom_util:28] add [http://www.statusvideos2019.com/wp-content/uploads/2019/03/bv4.mp4]
[I 190619 12:29:38 bloom_util:28] add [http://www.statusvideos2019.com/wp-content/uploads/2019/03/bv3.jpg]
[I 190619 12:29:39 bloom_util:28] add [http://www.statusvideos2019.com/wp-content/uploads/2019/03/b1.mp4]
[I 190619 12:29:42 bloom_util:28] add [http://www.statusvideos2019.com/wp-content/uploads/2019/03/ca2.mp4]
[I 190619 12:29:49 bloom_util:28] add [http://www.statusvideos2019.com/wp-content/uploads/2019/03/ca1.mp4]
[I 190619 12:29:56 bloom_util:28] add [http://www.statusvideos2019.com/wp-content/uploads/2019/03/a3.jpg]
[I 190619 12:29:57 bloom_util:28] add [http://www.statusvideos2019.com/wp-content/uploads/2019/03/av2.mp4]
[I 190619 12:30:02 bloom_util:28] add [http://www.statusvideos2019.com/wp-content/uploads/2019/03/av1.mp4]
[I 190619 12:30:04 bloom_util:28] add [http://www.statusvideos2019.com/wp-content/uploads/2019/02/vd11.mp4]
[I 190619 12:30:12 bloom_util:28] add [http://www.statusvideos2019.com/wp-content/uploads/2019/02/vd10.mp4]
[I 190619 12:30:21 bloom_util:28] add [http://www.statusvideos2019.com/wp-content/uploads/2019/02/vd8.mp4]
[I 190619 12:30:29 bloom_util:28] add [http://www.statusvideos2019.com/wp-content/uploads/2019/02/vd7.mp4]
[I 190619 12:30:35 bloom_util:28] add [http://www.statusvideos2019.com/wp-content/uploads/2019/02/Vd6.mp4]
[I 190619 12:30:44 bloom_util:28] add [http://www.statusvideos2019.com/wp-content/uploads/2019/02/VD5.mp4]
[I 190619 20:34:49 bloom_util:28] add [http://a.vskitcdn.com/V/bb7b1db7-a5f8-4838-81c1-ea76abd077ed.mp4]
[I 190619 20:35:02 bloom_util:28] add [http://a.vskitcdn.com/V/0a4cf17b601346e4ba74f4b2d67d5dcd.mp4]
[I 190619 20:35:04 bloom_util:28] add [http://a.vskitcdn.com/V/4d760d7cc6434b8c9d4554b7fb677c44.mp4]
[I 190619 20:35:06 bloom_util:28] add [http://a.vskitcdn.com/V/b09c58e370fe48c08f49bbadbe439eed.mp4]
[I 190619 20:35:10 bloom_util:28] add [http://a.vskitcdn.com/V/2a4c0d7d5c0342e6a73ea0945c8c52c1.mp4]
[I 190619 20:35:13 bloom_util:28] add [http://a.vskitcdn.com/V/14207c63c55f488b9bb322936aea842d.mp4]
[I 190619 20:35:57 bloom_util:25] [http://a.vskitcdn.com/V/bb7b1db7-a5f8-4838-81c1-ea76abd077ed.mp4] is already in bloom.
[I 190619 20:35:57 bloom_util:25] [http://a.vskitcdn.com/V/0a4cf17b601346e4ba74f4b2d67d5dcd.mp4] is already in bloom.
[I 190619 20:35:57 bloom_util:25] [http://a.vskitcdn.com/V/4d760d7cc6434b8c9d4554b7fb677c44.mp4] is already in bloom.
[I 190619 20:35:57 bloom_util:25] [http://a.vskitcdn.com/V/b09c58e370fe48c08f49bbadbe439eed.mp4] is already in bloom.
[I 190619 20:35:57 bloom_util:25] [http://a.vskitcdn.com/V/2a4c0d7d5c0342e6a73ea0945c8c52c1.mp4] is already in bloom.
[I 190619 20:35:57 bloom_util:25] [http://a.vskitcdn.com/V/14207c63c55f488b9bb322936aea842d.mp4] is already in bloom.
[I 190619 20:35:57 bloom_util:28] add [http://a.vskitcdn.com/V/5552606846974bef924754f4110ff6c9.mp4]
[I 190619 20:36:02 bloom_util:28] add [http://a.vskitcdn.com/V/1e9ac5bc58464d3ca5310ac6a8a73858.mp4]
[I 190619 20:36:04 bloom_util:28] add [http://a.vskitcdn.com/V/a825bc36e64c4333b19b997f49a85b20.mp4]
[I 190619 20:36:07 bloom_util:28] add [http://a.vskitcdn.com/V/b13d55a73b1b433e9ad087fefbb2add3.mp4]
[I 190619 20:36:10 bloom_util:28] add [http://a.vskitcdn.com/V/6fd1a1d298f54f2db0edb5ed4b1d5656.mp4]
[I 190619 20:36:12 bloom_util:28] add [http://a.vskitcdn.com/V/636aa8c0-866d-4552-9d20-39ffd12b37a0.mp4]
[I 190619 20:36:14 bloom_util:28] add [http://a.vskitcdn.com/V/3f4275a67f3a4d1eb9f9de417cc1671d.mp4]
[I 190619 20:36:16 bloom_util:28] add [http://a.vskitcdn.com/V/26b2ba8b568245fd9387c90bbc4159ea.mp4]
[I 190619 20:36:18 bloom_util:28] add [http://a.vskitcdn.com/V/c15a458ccbba4da28d3528c02d5766c1.mp4]
[I 190619 20:36:19 bloom_util:28] add [http://a.vskitcdn.com/V/30c91b8da7ea4e5baedf17d6e3b47063.mp4]
[I 190619 20:36:20 bloom_util:28] add [http://a.vskitcdn.com/V/15cb88407d0d485a96086696f8dce24d.mp4]
[I 190619 20:36:23 bloom_util:28] add [http://a.vskitcdn.com/V/e189ff0be7884f59883f7d180b8cb623.mp4]
[I 190619 20:36:24 bloom_util:28] add [http://a.vskitcdn.com/V/f15df84cc2a749fd9036570e1cc645df.mp4]
[I 190619 20:36:27 bloom_util:28] add [http://a.vskitcdn.com/V/a7895f2b-099b-462f-8d63-bda4a57e0720.mp4]
[I 190619 20:36:29 bloom_util:28] add [http://a.vskitcdn.com/V/00ab2d2b38524d13a44f3652ef4a0002.mp4]
[I 190619 20:36:32 bloom_util:28] add [http://a.vskitcdn.com/V/1f7d4582cfe4497995bd24503d5bd69a.mp4]
[I 190619 20:36:33 bloom_util:28] add [http://a.vskitcdn.com/V/bb35ac6aeb5f4d1f8097a51130d82dbf.mp4]
[I 190619 20:36:35 bloom_util:28] add [http://a.vskitcdn.com/V/1eb7e4e0db204d17a4d37720073b3c0f.mp4]
[I 190619 20:36:36 bloom_util:28] add [http://a.vskitcdn.com/V/c2e9a9f7c81f4f3698b5aa39bebd50a6.mp4]
[I 190619 20:36:40 bloom_util:28] add [http://a.vskitcdn.com/V/0f3d0dea622b4d4a851158d7b08dce3b.mp4]
[I 190619 20:36:42 bloom_util:28] add [http://a.vskitcdn.com/V/3b05d2e2910f4e7aa33cb4e1f217e522.mp4]
[I 190619 20:36:45 bloom_util:28] add [http://a.vskitcdn.com/V/9d41c7b05c334f779902b540b3450257.mp4]
[I 190619 20:36:48 bloom_util:28] add [http://a.vskitcdn.com/V/7704113a-f08b-418a-8959-374c95868ec4.mp4]
[I 190619 20:36:51 bloom_util:28] add [http://a.vskitcdn.com/V/fae417b4bca74e16a2be211c07093ec5.mp4]
[I 190619 20:36:53 bloom_util:28] add [http://a.vskitcdn.com/V/18a5e7f84798490f92313b0cef784dd6.mp4]
[I 190619 20:36:56 bloom_util:28] add [http://a.vskitcdn.com/V/e5231640c7e7426b86af6ef3bc5166d1.mp4]
[I 190619 20:36:57 bloom_util:28] add [http://a.vskitcdn.com/V/888d444ab28b4fba8502a8700898ec88.mp4]
[I 190619 20:36:58 bloom_util:28] add [http://a.vskitcdn.com/V/e8df9dbe82634aafbfeab12580daced6.mp4]
[I 190619 20:36:59 bloom_util:28] add [http://a.vskitcdn.com/V/bb077e8738864e879ca2720172dc2c4b.mp4]
[I 190619 20:37:01 bloom_util:28] add [http://a.vskitcdn.com/V/d970f949a4a342458e9f8376934ee670.mp4]
[I 190619 20:37:04 bloom_util:28] add [http://a.vskitcdn.com/V/4988fb4fdeb84ee3894e89aea5b679fd.mp4]
[I 190619 20:37:06 bloom_util:28] add [http://a.vskitcdn.com/V/6d1edd05231941d993ec069a5fa45d85.mp4]
[I 190619 20:37:08 bloom_util:28] add [http://a.vskitcdn.com/V/0629cedb2c3e465099ab3718e7122762.mp4]
[I 190619 20:37:11 bloom_util:28] add [http://a.vskitcdn.com/V/f571cd0494a042c2b5533344733b85c5.mp4]
[I 190619 20:37:13 bloom_util:28] add [http://a.vskitcdn.com/V/4dcc6f7804d340d097cbe895a59cd2fb.mp4]
[I 190619 20:37:16 bloom_util:28] add [http://a.vskitcdn.com/V/21b35f225aa145e1a6e998b432299d57.mp4]
[I 190619 20:37:17 bloom_util:28] add [http://a.vskitcdn.com/V/f4966de3-96d3-4564-8b73-c0d212591f96.mp4]
[I 190619 20:37:18 bloom_util:28] add [http://a.vskitcdn.com/V/6d38425aaa0d41318f93df624c47e8d8.mp4]
[I 190619 20:37:19 bloom_util:28] add [http://a.vskitcdn.com/V/b98812d9e2154616a4e302e4596a5c2b.mp4]
[I 190619 20:37:28 bloom_util:28] add [http://a.vskitcdn.com/V/32f33194785248deb7bf520c3408fa2e.mp4]
[I 190619 20:37:30 bloom_util:28] add [http://a.vskitcdn.com/V/10e9996c585f44b788874c48f2338688.mp4]
[I 190619 20:37:32 bloom_util:28] add [http://a.vskitcdn.com/V/199461f8fd9541d9a811105429623ae0.mp4]
[I 190619 20:37:34 bloom_util:28] add [http://a.vskitcdn.com/V/abc1ac2591404d178005f84d0513da6a.mp4]
[I 190619 20:37:36 bloom_util:28] add [http://a.vskitcdn.com/V/56eba637a7ed496bb5bd0e1b234f1c66.mp4]
[I 190619 20:37:40 bloom_util:28] add [http://a.vskitcdn.com/V/9ad20bc8c7604476970046bb0e322241.mp4]
[I 190619 20:37:42 bloom_util:28] add [http://a.vskitcdn.com/V/33c88c7ab5ae43dfa8b23645f5be0a0e.mp4]
[I 190619 20:37:42 bloom_util:28] add [http://a.vskitcdn.com/V/469f930bba5b4a10a3349c2028d37db0.mp4]
[I 190619 20:37:45 bloom_util:28] add [http://a.vskitcdn.com/V/4e63e501364f40659684118693d8310c.mp4]
[I 190619 20:37:47 bloom_util:28] add [http://a.vskitcdn.com/V/0cb6b3815d884ce39bbb371c80b847c2.mp4]
[I 190619 20:37:51 bloom_util:28] add [http://a.vskitcdn.com/V/586d1f2523264d2981a493373e0b36c3.mp4]
[I 190619 20:37:53 bloom_util:28] add [http://a.vskitcdn.com/V/7aa8f1a63e7c4c8a8599c463e2f8f093.mp4]
[I 190619 20:37:55 bloom_util:28] add [http://a.vskitcdn.com/V/116d93caa9234903b50a58672bcd3df0.mp4]
[I 190619 20:37:58 bloom_util:28] add [http://a.vskitcdn.com/V/2e5a490b509a47c8a2ac119bf07c31fe.mp4]
[I 190619 20:38:00 bloom_util:28] add [http://a.vskitcdn.com/V/a3b0247883054c8199c73f2760849b8d.mp4]
[I 190619 20:38:04 bloom_util:28] add [http://a.vskitcdn.com/V/955ccde70703400f877e7e6552879c36.mp4]
[I 190619 20:38:05 bloom_util:28] add [http://a.vskitcdn.com/V/f77ece625ea34672bc8602808c8dd3e9.mp4]
[I 190619 20:38:06 bloom_util:28] add [http://a.vskitcdn.com/V/d79c755f6281475e9dafcfa8ecd65b34.mp4]
[I 190619 20:38:07 bloom_util:28] add [http://a.vskitcdn.com/V/dbf2fb1276bf4f7ca1fefbf379d36fd0.mp4]
[I 190619 20:38:08 bloom_util:28] add [http://a.vskitcdn.com/V/cdfb78c35f1142ac84490f06ed1f415b.mp4]
[I 190619 20:38:10 bloom_util:28] add [http://a.vskitcdn.com/V/146257631fd34a92bc6b33c4a84c574b.mp4]
[I 190619 20:38:12 bloom_util:28] add [http://a.vskitcdn.com/V/9cd083db3a32492a99c60b2dc8774ea2.mp4]
[I 190619 20:38:13 bloom_util:28] add [http://a.vskitcdn.com/V/1062f6a7d612407fac55ff8ea428a47d.mp4]
[I 190619 20:38:21 bloom_util:28] add [http://a.vskitcdn.com/V/cdff156f23a8400e8b4da3d1cb3178be.mp4]
[I 190619 20:38:22 bloom_util:28] add [http://a.vskitcdn.com/V/e4d9c1d1f4d6446691881251668832c8.mp4]
[I 190619 20:38:26 bloom_util:28] add [http://a.vskitcdn.com/V/fe4fcae07307434dae586a3f1826ab1e.mp4]
[I 190619 20:38:28 bloom_util:28] add [http://a.vskitcdn.com/V/cdf7d7379b994b20aeb4cf00ccfefec4.mp4]
[I 190619 20:38:33 bloom_util:28] add [http://a.vskitcdn.com/V/57750d8dc05b4cd5a62f080f4794d260.mp4]
[I 190619 20:38:48 bloom_util:28] add [http://a.vskitcdn.com/V/2042cf22-36cd-47ad-af7b-7658f9e9b23d.mp4]
[I 190619 20:38:51 bloom_util:28] add [http://a.vskitcdn.com/V/9d6a73471fce48cea07ec06b5b3d8700.mp4]
[I 190619 20:38:52 bloom_util:28] add [http://a.vskitcdn.com/V/c84e048c36e64e1d82201489efdf9b72.mp4]
[I 190619 20:38:53 bloom_util:28] add [http://a.vskitcdn.com/V/953760c9018e425bb6df9d778974e8a7.mp4]
[I 190619 20:38:54 bloom_util:28] add [http://a.vskitcdn.com/V/2dfc44aad68243728dd77c7bfa8615b6.mp4]
[I 190619 20:38:57 bloom_util:28] add [http://a.vskitcdn.com/V/9b866999c34d4dc0a46e78177d6da5e2.mp4]
[I 190619 20:38:57 bloom_util:28] add [http://a.vskitcdn.com/V/5d284347c82442098f8f5ab8a13de8ac.mp4]
[I 190619 20:39:01 bloom_util:28] add [http://a.vskitcdn.com/V/4272c70157914f91b58cd5bcc5bbb879.mp4]
[I 190619 20:39:02 bloom_util:28] add [http://a.vskitcdn.com/V/c5671865caaa4f5a8748682de54a0dfc.mp4]
[I 190619 20:39:04 bloom_util:28] add [http://a.vskitcdn.com/V/04339909-4b68-4016-9812-06d53f73bdbd.mp4]
[I 190619 20:39:08 bloom_util:28] add [http://a.vskitcdn.com/V/283908a3930a4c078ad7dfd1160ef179.mp4]
[I 190619 20:39:09 bloom_util:28] add [http://a.vskitcdn.com/V/417ea5783f784233b74367d5deeb20d3.mp4]
[I 190619 20:39:10 bloom_util:28] add [http://a.vskitcdn.com/V/77a98d96a9e8439bb3976417feeb52a5.mp4]
[I 190619 20:39:12 bloom_util:28] add [http://a.vskitcdn.com/V/3dec3b62884542e987dfe17bcf59548f.mp4]
[I 190619 20:39:13 bloom_util:28] add [http://a.vskitcdn.com/V/cfdf7492cbc4438bbf1195615d04e7cb.mp4]
[I 190619 20:39:15 bloom_util:28] add [http://a.vskitcdn.com/V/452131ff215d4c4d860051c7b6918253.mp4]
[I 190619 20:39:30 bloom_util:28] add [http://a.vskitcdn.com/V/97adce8d4c80441487f69c92d4751c71.mp4]
[I 190619 20:39:34 bloom_util:28] add [http://a.vskitcdn.com/V/ba8345128b44485aa1b634e8e9f895b1.mp4]
[I 190619 20:39:47 bloom_util:28] add [http://a.vskitcdn.com/V/c691cc2eecc1467aa85dad042bf75259.mp4]
[I 190619 20:39:49 bloom_util:28] add [http://a.vskitcdn.com/V/5680b5c8b4a24b6697a3535077089ff1.mp4]
[I 190619 20:39:58 bloom_util:28] add [http://a.vskitcdn.com/V/368b79c777fa45839651152a9b81ca99.mp4]
[I 190619 20:40:15 bloom_util:28] add [http://a.vskitcdn.com/V/ebba3f47911543488f96289ab884e67d.mp4]
[I 190619 20:40:18 bloom_util:28] add [http://a.vskitcdn.com/V/5f2a3c4d57ea40a693f0a9400a477318.mp4]
[I 190619 20:40:21 bloom_util:28] add [http://a.vskitcdn.com/V/8857f00b6dd84a67957a6110292fc1e2.mp4]
[I 190619 20:40:45 bloom_util:28] add [http://a.vskitcdn.com/V/0a89c664cd124a19b409ac469cfcb363.mp4]
[I 190619 20:40:48 bloom_util:28] add [http://a.vskitcdn.com/V/520fc9fcd6e14c27a34827b31ff85e28.mp4]
[I 190619 20:40:50 bloom_util:28] add [http://a.vskitcdn.com/V/e9db94fa456e44daad29d5a1dbace9e2.mp4]
[I 190619 20:40:54 bloom_util:28] add [http://a.vskitcdn.com/V/2ab7494afbc248ad84c914ce3efb60e2.mp4]
[I 190619 20:40:57 bloom_util:28] add [http://a.vskitcdn.com/V/dfa02e70e48a418a9116ceb0e077ee87.mp4]
[I 190619 20:41:00 bloom_util:28] add [http://a.vskitcdn.com/V/863fd60bccdd424a888008cce3383ab8.mp4]
[I 190619 20:41:02 bloom_util:28] add [http://a.vskitcdn.com/V/6c4d903d55ac4019ae51d45ef2284e03.mp4]
[I 190619 20:41:03 bloom_util:28] add [http://a.vskitcdn.com/V/158cdd7caf4d4ea09efc7e2d53c10895.mp4]
[I 190619 20:41:06 bloom_util:28] add [http://a.vskitcdn.com/V/66cd26f76c7247b0becac7c7d5582ba2.mp4]
[I 190619 20:41:08 bloom_util:28] add [http://a.vskitcdn.com/V/bab46701-df1d-43f7-a9a5-9666767143ba.mp4]
[I 190619 20:41:12 bloom_util:28] add [http://a.vskitcdn.com/V/d79eddaecb884ea6b2ba2119da06773a.mp4]
[I 190619 20:41:14 bloom_util:28] add [http://a.vskitcdn.com/V/78c64aa677fd48e3a6286b06f5c7cd8a.mp4]
[I 190619 20:41:17 bloom_util:28] add [http://a.vskitcdn.com/V/9f3e19d2-f7af-47ff-8f3f-9039b694d274.mp4]
